0 info it worked if it ends with ok
1 verbose cli [ '/usr/bin/nodejs', '/usr/bin/npm', 'install', 'lost' ]
2 info using npm@3.5.2
3 info using node@v4.2.6
4 verbose config Skipping project config: /home/melad/.npmrc. (matches userconfig)
5 silly loadCurrentTree Starting
6 silly install loadCurrentTree
7 silly install readLocalPackageData
8 silly fetchPackageMetaData lost
9 silly fetchNamedPackageData lost
10 silly mapToRegistry name lost
11 silly mapToRegistry using default registry
12 silly mapToRegistry registry https://registry.npmjs.org/
13 silly mapToRegistry uri https://registry.npmjs.org/lost
14 verbose request uri https://registry.npmjs.org/lost
15 verbose request no auth needed
16 info attempt registry request try #1 at 5:58:20 AM
17 verbose request id 3d20aad8bc2a96b0
18 http request GET https://registry.npmjs.org/lost
19 http 200 https://registry.npmjs.org/lost
20 verbose headers { date: 'Mon, 03 Sep 2018 15:00:00 GMT',
20 verbose headers   'content-type': 'application/json; charset=UTF-8',
20 verbose headers   'transfer-encoding': 'chunked',
20 verbose headers   connection: 'keep-alive',
20 verbose headers   'set-cookie': [ '__cfduid=dd6aefeefad4a91bf488318b030e4a5c11535986799; expires=Tue, 03-Sep-19 14:59:59 GMT; path=/; domain=.registry.npmjs.org; HttpOnly' ],
20 verbose headers   'cf-cache-status': 'REVALIDATED',
20 verbose headers   'cache-control': 'max-age=300',
20 verbose headers   'cf-ray': '4549155aed1f25f2-MRS',
20 verbose headers   etag: 'W/"d9ad4ce3710a1e8e366f0c6407a870bf"',
20 verbose headers   'expect-ct': 'max-age=604800, report-uri="https://report-uri.cloudflare.com/cdn-cgi/beacon/expect-ct"',
20 verbose headers   'last-modified': 'Tue, 12 Jun 2018 04:06:15 GMT',
20 verbose headers   vary: 'accept-encoding, accept',
20 verbose headers   server: 'cloudflare',
20 verbose headers   'content-encoding': 'gzip' }
21 silly get cb [ 200,
21 silly get   { date: 'Mon, 03 Sep 2018 15:00:00 GMT',
21 silly get     'content-type': 'application/json; charset=UTF-8',
21 silly get     'transfer-encoding': 'chunked',
21 silly get     connection: 'keep-alive',
21 silly get     'set-cookie': [ '__cfduid=dd6aefeefad4a91bf488318b030e4a5c11535986799; expires=Tue, 03-Sep-19 14:59:59 GMT; path=/; domain=.registry.npmjs.org; HttpOnly' ],
21 silly get     'cf-cache-status': 'REVALIDATED',
21 silly get     'cache-control': 'max-age=300',
21 silly get     'cf-ray': '4549155aed1f25f2-MRS',
21 silly get     etag: 'W/"d9ad4ce3710a1e8e366f0c6407a870bf"',
21 silly get     'expect-ct': 'max-age=604800, report-uri="https://report-uri.cloudflare.com/cdn-cgi/beacon/expect-ct"',
21 silly get     'last-modified': 'Tue, 12 Jun 2018 04:06:15 GMT',
21 silly get     vary: 'accept-encoding, accept',
21 silly get     server: 'cloudflare',
21 silly get     'content-encoding': 'gzip' } ]
22 verbose get saving lost to /home/melad/.npm/registry.npmjs.org/lost/.cache.json
23 silly install normalizeTree
24 silly loadCurrentTree Finishing
25 silly loadIdealTree Starting
26 silly install loadIdealTree
27 silly cloneCurrentTree Starting
28 silly install cloneCurrentTreeToIdealTree
29 silly cloneCurrentTree Finishing
30 silly loadShrinkwrap Starting
31 silly install loadShrinkwrap
32 silly loadShrinkwrap Finishing
33 silly loadAllDepsIntoIdealTree Starting
34 silly install loadAllDepsIntoIdealTree
35 silly resolveWithNewModule lost@8.3.0 checking installable status
36 silly cache add args [ 'lost', null ]
37 verbose cache add spec lost
38 silly cache add parsed spec Result {
38 silly cache add   raw: 'lost',
38 silly cache add   scope: null,
38 silly cache add   name: 'lost',
38 silly cache add   rawSpec: '',
38 silly cache add   spec: 'latest',
38 silly cache add   type: 'tag' }
39 silly addNamed lost@latest
40 verbose addNamed "latest" is being treated as a dist-tag for lost
41 info addNameTag [ 'lost', 'latest' ]
42 silly mapToRegistry name lost
43 silly mapToRegistry using default registry
44 silly mapToRegistry registry https://registry.npmjs.org/
45 silly mapToRegistry uri https://registry.npmjs.org/lost
46 verbose addNameTag registry:https://registry.npmjs.org/lost not in flight; fetching
47 verbose get https://registry.npmjs.org/lost not expired, no request
48 silly addNameTag next cb for lost with tag latest
49 silly addNamed lost@8.3.0
50 verbose addNamed "8.3.0" is a plain semver version for lost
51 silly mapToRegistry name lost
52 silly mapToRegistry using default registry
53 silly mapToRegistry registry https://registry.npmjs.org/
54 silly mapToRegistry uri https://registry.npmjs.org/lost
55 verbose addRemoteTarball https://registry.npmjs.org/lost/-/lost-8.3.0.tgz not in flight; adding
56 verbose addRemoteTarball [ 'https://registry.npmjs.org/lost/-/lost-8.3.0.tgz',
56 verbose addRemoteTarball   'adaa8f82b04c99222503a08dfc11d01fe664645d' ]
57 info retry fetch attempt 1 at 5:58:23 AM
58 info attempt registry request try #1 at 5:58:23 AM
59 http fetch GET https://registry.npmjs.org/lost/-/lost-8.3.0.tgz
60 http fetch 200 https://registry.npmjs.org/lost/-/lost-8.3.0.tgz
61 silly fetchAndShaCheck shasum adaa8f82b04c99222503a08dfc11d01fe664645d
62 verbose addTmpTarball /tmp/npm-6305-7cbe092e/registry.npmjs.org/lost/-/lost-8.3.0.tgz not in flight; adding
63 verbose addTmpTarball already have metadata; skipping unpack for lost@8.3.0
64 silly cache afterAdd lost@8.3.0
65 verbose afterAdd /home/melad/.npm/lost/8.3.0/package/package.json not in flight; writing
66 verbose afterAdd /home/melad/.npm/lost/8.3.0/package/package.json written
67 silly fetchNamedPackageData object-assign
68 silly mapToRegistry name object-assign
69 silly mapToRegistry using default registry
70 silly mapToRegistry registry https://registry.npmjs.org/
71 silly mapToRegistry uri https://registry.npmjs.org/object-assign
72 silly fetchNamedPackageData postcss
73 silly mapToRegistry name postcss
74 silly mapToRegistry using default registry
75 silly mapToRegistry registry https://registry.npmjs.org/
76 silly mapToRegistry uri https://registry.npmjs.org/postcss
77 verbose request uri https://registry.npmjs.org/postcss
78 verbose request no auth needed
79 info attempt registry request try #1 at 5:58:26 AM
80 verbose etag W/"f72fc18d3d1247973b060c3719e7517c"
81 verbose lastModified Mon, 30 Jul 2018 18:16:32 GMT
82 http request GET https://registry.npmjs.org/postcss
83 verbose request uri https://registry.npmjs.org/object-assign
84 verbose request no auth needed
85 info attempt registry request try #1 at 5:58:26 AM
86 verbose etag W/"d7609bf70dc4cde24cf456be05d80a7c"
87 verbose lastModified Sun, 27 May 2018 10:57:26 GMT
88 http request GET https://registry.npmjs.org/object-assign
89 http 304 https://registry.npmjs.org/object-assign
90 verbose headers { date: 'Mon, 03 Sep 2018 15:00:05 GMT',
90 verbose headers   connection: 'keep-alive',
90 verbose headers   'set-cookie': [ '__cfduid=d60c530cf46bb2ed2842ac9627fed59c61535986805; expires=Tue, 03-Sep-19 15:00:05 GMT; path=/; domain=.registry.npmjs.org; HttpOnly' ],
90 verbose headers   'cf-cache-status': 'HIT',
90 verbose headers   'cache-control': 'max-age=300',
90 verbose headers   'cf-ray': '4549157dfb6d25e0-MRS',
90 verbose headers   etag: '"d7609bf70dc4cde24cf456be05d80a7c"',
90 verbose headers   'expect-ct': 'max-age=604800, report-uri="https://report-uri.cloudflare.com/cdn-cgi/beacon/expect-ct"',
90 verbose headers   'last-modified': 'Sun, 27 May 2018 10:57:26 GMT',
90 verbose headers   vary: 'accept-encoding, accept',
90 verbose headers   server: 'cloudflare' }
91 silly get cb [ 304,
91 silly get   { date: 'Mon, 03 Sep 2018 15:00:05 GMT',
91 silly get     connection: 'keep-alive',
91 silly get     'set-cookie': [ '__cfduid=d60c530cf46bb2ed2842ac9627fed59c61535986805; expires=Tue, 03-Sep-19 15:00:05 GMT; path=/; domain=.registry.npmjs.org; HttpOnly' ],
91 silly get     'cf-cache-status': 'HIT',
91 silly get     'cache-control': 'max-age=300',
91 silly get     'cf-ray': '4549157dfb6d25e0-MRS',
91 silly get     etag: '"d7609bf70dc4cde24cf456be05d80a7c"',
91 silly get     'expect-ct': 'max-age=604800, report-uri="https://report-uri.cloudflare.com/cdn-cgi/beacon/expect-ct"',
91 silly get     'last-modified': 'Sun, 27 May 2018 10:57:26 GMT',
91 silly get     vary: 'accept-encoding, accept',
91 silly get     server: 'cloudflare' } ]
92 verbose etag https://registry.npmjs.org/object-assign from cache
93 verbose get saving object-assign to /home/melad/.npm/registry.npmjs.org/object-assign/.cache.json
94 http 304 https://registry.npmjs.org/postcss
95 verbose headers { date: 'Mon, 03 Sep 2018 15:00:05 GMT',
95 verbose headers   connection: 'keep-alive',
95 verbose headers   'set-cookie': [ '__cfduid=dac3a19f9adf6daacf9f751a00aa8bfd11535986805; expires=Tue, 03-Sep-19 15:00:05 GMT; path=/; domain=.registry.npmjs.org; HttpOnly' ],
95 verbose headers   'cf-cache-status': 'HIT',
95 verbose headers   'cache-control': 'max-age=300',
95 verbose headers   'cf-ray': '4549157d58946029-MRS',
95 verbose headers   etag: '"f72fc18d3d1247973b060c3719e7517c"',
95 verbose headers   'expect-ct': 'max-age=604800, report-uri="https://report-uri.cloudflare.com/cdn-cgi/beacon/expect-ct"',
95 verbose headers   'last-modified': 'Mon, 30 Jul 2018 18:16:32 GMT',
95 verbose headers   vary: 'accept-encoding, accept',
95 verbose headers   server: 'cloudflare' }
96 silly get cb [ 304,
96 silly get   { date: 'Mon, 03 Sep 2018 15:00:05 GMT',
96 silly get     connection: 'keep-alive',
96 silly get     'set-cookie': [ '__cfduid=dac3a19f9adf6daacf9f751a00aa8bfd11535986805; expires=Tue, 03-Sep-19 15:00:05 GMT; path=/; domain=.registry.npmjs.org; HttpOnly' ],
96 silly get     'cf-cache-status': 'HIT',
96 silly get     'cache-control': 'max-age=300',
96 silly get     'cf-ray': '4549157d58946029-MRS',
96 silly get     etag: '"f72fc18d3d1247973b060c3719e7517c"',
96 silly get     'expect-ct': 'max-age=604800, report-uri="https://report-uri.cloudflare.com/cdn-cgi/beacon/expect-ct"',
96 silly get     'last-modified': 'Mon, 30 Jul 2018 18:16:32 GMT',
96 silly get     vary: 'accept-encoding, accept',
96 silly get     server: 'cloudflare' } ]
97 verbose etag https://registry.npmjs.org/postcss from cache
98 verbose get saving postcss to /home/melad/.npm/registry.npmjs.org/postcss/.cache.json
99 silly resolveWithNewModule postcss@6.0.23 checking installable status
100 silly cache add args [ 'postcss@^6.0.6', null ]
101 verbose cache add spec postcss@^6.0.6
102 silly cache add parsed spec Result {
102 silly cache add   raw: 'postcss@^6.0.6',
102 silly cache add   scope: null,
102 silly cache add   name: 'postcss',
102 silly cache add   rawSpec: '^6.0.6',
102 silly cache add   spec: '>=6.0.6 <7.0.0',
102 silly cache add   type: 'range' }
103 silly addNamed postcss@>=6.0.6 <7.0.0
104 verbose addNamed ">=6.0.6 <7.0.0" is a valid semver range for postcss
105 silly addNameRange { name: 'postcss', range: '>=6.0.6 <7.0.0', hasData: false }
106 silly mapToRegistry name postcss
107 silly mapToRegistry using default registry
108 silly mapToRegistry registry https://registry.npmjs.org/
109 silly mapToRegistry uri https://registry.npmjs.org/postcss
110 verbose addNameRange registry:https://registry.npmjs.org/postcss not in flight; fetching
111 verbose get https://registry.npmjs.org/postcss not expired, no request
112 silly addNameRange number 2 { name: 'postcss', range: '>=6.0.6 <7.0.0', hasData: true }
113 silly addNameRange versions [ 'postcss',
113 silly addNameRange   [ '0.1.0',
113 silly addNameRange     '0.2.0',
113 silly addNameRange     '0.3.0',
113 silly addNameRange     '0.3.1',
113 silly addNameRange     '0.3.2',
113 silly addNameRange     '0.3.3',
113 silly addNameRange     '0.3.4',
113 silly addNameRange     '0.3.5',
113 silly addNameRange     '1.0.0',
113 silly addNameRange     '2.0.0',
113 silly addNameRange     '2.1.0',
113 silly addNameRange     '2.1.1',
113 silly addNameRange     '2.1.2',
113 silly addNameRange     '2.2.0',
113 silly addNameRange     '2.2.1',
113 silly addNameRange     '2.2.2',
113 silly addNameRange     '2.2.3',
113 silly addNameRange     '2.2.4',
113 silly addNameRange     '2.2.5',
113 silly addNameRange     '2.2.6',
113 silly addNameRange     '3.0.0',
113 silly addNameRange     '3.0.1',
113 silly addNameRange     '3.0.2',
113 silly addNameRange     '3.0.3',
113 silly addNameRange     '3.0.4',
113 silly addNameRange     '3.0.5',
113 silly addNameRange     '3.0.6',
113 silly addNameRange     '3.0.7',
113 silly addNameRange     '4.0.0',
113 silly addNameRange     '4.0.1',
113 silly addNameRange     '4.0.2',
113 silly addNameRange     '4.0.3',
113 silly addNameRange     '4.0.4',
113 silly addNameRange     '4.0.5',
113 silly addNameRange     '4.0.6',
113 silly addNameRange     '4.1.0',
113 silly addNameRange     '4.1.1',
113 silly addNameRange     '4.1.2',
113 silly addNameRange     '4.1.3',
113 silly addNameRange     '4.1.4',
113 silly addNameRange     '4.1.5',
113 silly addNameRange     '4.1.6',
113 silly addNameRange     '4.1.7',
113 silly addNameRange     '4.1.8',
113 silly addNameRange     '4.1.9',
113 silly addNameRange     '4.1.10',
113 silly addNameRange     '4.1.11',
113 silly addNameRange     '4.1.12',
113 silly addNameRange     '4.1.13',
113 silly addNameRange     '4.1.14',
113 silly addNameRange     '4.1.15',
113 silly addNameRange     '4.1.16',
113 silly addNameRange     '5.0.0',
113 silly addNameRange     '5.0.1',
113 silly addNameRange     '5.0.2',
113 silly addNameRange     '5.0.3',
113 silly addNameRange     '5.0.4',
113 silly addNameRange     '5.0.5',
113 silly addNameRange     '5.0.6',
113 silly addNameRange     '5.0.7',
113 silly addNameRange     '5.0.8',
113 silly addNameRange     '5.0.9',
113 silly addNameRange     '5.0.10',
113 silly addNameRange     '5.0.11',
113 silly addNameRange     '5.0.12',
113 silly addNameRange     '5.0.13',
113 silly addNameRange     '5.0.14',
113 silly addNameRange     '5.0.15',
113 silly addNameRange     '5.0.16',
113 silly addNameRange     '5.0.17',
113 silly addNameRange     '5.0.18',
113 silly addNameRange     '5.0.19',
113 silly addNameRange     '5.0.20',
113 silly addNameRange     '5.0.21',
113 silly addNameRange     '5.1.0',
113 silly addNameRange     '5.1.1',
113 silly addNameRange     '5.1.2',
113 silly addNameRange     '5.2.0',
113 silly addNameRange     '5.2.1',
113 silly addNameRange     '5.2.2',
113 silly addNameRange     '5.2.3',
113 silly addNameRange     '5.2.4',
113 silly addNameRange     '5.2.5',
113 silly addNameRange     '5.2.6',
113 silly addNameRange     '5.2.7',
113 silly addNameRange     '5.2.8',
113 silly addNameRange     '5.2.9',
113 silly addNameRange     '5.2.10',
113 silly addNameRange     '5.2.11',
113 silly addNameRange     '5.2.12',
113 silly addNameRange     '5.2.13',
113 silly addNameRange     '5.2.14',
113 silly addNameRange     '5.2.15',
113 silly addNameRange     '5.2.16',
113 silly addNameRange     '5.2.17',
113 silly addNameRange     '6.0.0',
113 silly addNameRange     '6.0.1',
113 silly addNameRange     '6.0.2',
113 silly addNameRange     '6.0.3',
113 silly addNameRange     '6.0.4',
113 silly addNameRange     '6.0.5',
113 silly addNameRange     '6.0.6',
113 silly addNameRange     '6.0.7',
113 silly addNameRange     '6.0.8',
113 silly addNameRange     '6.0.9',
113 silly addNameRange     '6.0.10',
113 silly addNameRange     '6.0.11',
113 silly addNameRange     '6.0.12',
113 silly addNameRange     '5.2.18',
113 silly addNameRange     '6.0.13',
113 silly addNameRange     '6.0.14',
113 silly addNameRange     '6.0.15',
113 silly addNameRange     '6.0.16',
113 silly addNameRange     '6.0.17',
113 silly addNameRange     '6.0.18',
113 silly addNameRange     '6.0.19',
113 silly addNameRange     '6.0.20',
113 silly addNameRange     '6.0.21',
113 silly addNameRange     '6.0.22',
113 silly addNameRange     '6.0.23',
113 silly addNameRange     '7.0.0',
113 silly addNameRange     '7.0.1',
113 silly addNameRange     '7.0.2' ] ]
114 silly addNamed postcss@6.0.23
115 verbose addNamed "6.0.23" is a plain semver version for postcss
116 silly resolveWithNewModule object-assign@4.1.1 checking installable status
117 silly cache add args [ 'object-assign@^4.1.0', null ]
118 verbose cache add spec object-assign@^4.1.0
119 silly cache add parsed spec Result {
119 silly cache add   raw: 'object-assign@^4.1.0',
119 silly cache add   scope: null,
119 silly cache add   name: 'object-assign',
119 silly cache add   rawSpec: '^4.1.0',
119 silly cache add   spec: '>=4.1.0 <5.0.0',
119 silly cache add   type: 'range' }
120 silly addNamed object-assign@>=4.1.0 <5.0.0
121 verbose addNamed ">=4.1.0 <5.0.0" is a valid semver range for object-assign
122 silly addNameRange { name: 'object-assign',
122 silly addNameRange   range: '>=4.1.0 <5.0.0',
122 silly addNameRange   hasData: false }
123 silly mapToRegistry name object-assign
124 silly mapToRegistry using default registry
125 silly mapToRegistry registry https://registry.npmjs.org/
126 silly mapToRegistry uri https://registry.npmjs.org/object-assign
127 verbose addNameRange registry:https://registry.npmjs.org/object-assign not in flight; fetching
128 silly cache afterAdd postcss@6.0.23
129 verbose afterAdd /home/melad/.npm/postcss/6.0.23/package/package.json not in flight; writing
130 verbose get https://registry.npmjs.org/object-assign not expired, no request
131 silly addNameRange number 2 { name: 'object-assign', range: '>=4.1.0 <5.0.0', hasData: true }
132 silly addNameRange versions [ 'object-assign',
132 silly addNameRange   [ '0.1.0',
132 silly addNameRange     '0.1.1',
132 silly addNameRange     '0.1.2',
132 silly addNameRange     '0.2.0',
132 silly addNameRange     '0.2.1',
132 silly addNameRange     '0.2.2',
132 silly addNameRange     '0.3.0',
132 silly addNameRange     '0.3.1',
132 silly addNameRange     '0.4.0',
132 silly addNameRange     '1.0.0',
132 silly addNameRange     '2.0.0',
132 silly addNameRange     '3.0.0',
132 silly addNameRange     '2.1.1',
132 silly addNameRange     '4.0.0',
132 silly addNameRange     '4.0.1',
132 silly addNameRange     '4.1.0',
132 silly addNameRange     '4.1.1' ] ]
133 silly addNamed object-assign@4.1.1
134 verbose addNamed "4.1.1" is a plain semver version for object-assign
135 verbose afterAdd /home/melad/.npm/postcss/6.0.23/package/package.json written
136 silly cache afterAdd object-assign@4.1.1
137 verbose afterAdd /home/melad/.npm/object-assign/4.1.1/package/package.json not in flight; writing
138 verbose afterAdd /home/melad/.npm/object-assign/4.1.1/package/package.json written
139 silly fetchNamedPackageData chalk
140 silly mapToRegistry name chalk
141 silly mapToRegistry using default registry
142 silly mapToRegistry registry https://registry.npmjs.org/
143 silly mapToRegistry uri https://registry.npmjs.org/chalk
144 silly fetchNamedPackageData source-map
145 silly mapToRegistry name source-map
146 silly mapToRegistry using default registry
147 silly mapToRegistry registry https://registry.npmjs.org/
148 silly mapToRegistry uri https://registry.npmjs.org/source-map
149 silly fetchNamedPackageData supports-color
150 silly mapToRegistry name supports-color
151 silly mapToRegistry using default registry
152 silly mapToRegistry registry https://registry.npmjs.org/
153 silly mapToRegistry uri https://registry.npmjs.org/supports-color
154 verbose request uri https://registry.npmjs.org/chalk
155 verbose request no auth needed
156 info attempt registry request try #1 at 5:58:28 AM
157 verbose etag "3677a397efcef1bb1921be3597fe48d6"
158 verbose lastModified Wed, 29 Aug 2018 02:25:57 GMT
159 http request GET https://registry.npmjs.org/chalk
160 verbose request uri https://registry.npmjs.org/source-map
161 verbose request no auth needed
162 info attempt registry request try #1 at 5:58:28 AM
163 verbose etag W/"fdc4842f93dc35931f06fd2a9ed23684"
164 verbose lastModified Fri, 03 Aug 2018 00:37:24 GMT
165 http request GET https://registry.npmjs.org/source-map
166 verbose request uri https://registry.npmjs.org/supports-color
167 verbose request no auth needed
168 info attempt registry request try #1 at 5:58:28 AM
169 verbose etag W/"17ef9e7e03ff799150c584a3bb344312"
170 verbose lastModified Mon, 20 Aug 2018 04:37:41 GMT
171 http request GET https://registry.npmjs.org/supports-color
172 http 304 https://registry.npmjs.org/chalk
173 verbose headers { date: 'Mon, 03 Sep 2018 15:00:06 GMT',
173 verbose headers   connection: 'keep-alive',
173 verbose headers   'set-cookie': [ '__cfduid=dd03b152f891a5ccc8eb1bff520546ce31535986806; expires=Tue, 03-Sep-19 15:00:06 GMT; path=/; domain=.registry.npmjs.org; HttpOnly' ],
173 verbose headers   'cf-cache-status': 'HIT',
173 verbose headers   'cache-control': 'max-age=300',
173 verbose headers   'cf-ray': '454915850bdc5fd5-MRS',
173 verbose headers   etag: '"3677a397efcef1bb1921be3597fe48d6"',
173 verbose headers   'expect-ct': 'max-age=604800, report-uri="https://report-uri.cloudflare.com/cdn-cgi/beacon/expect-ct"',
173 verbose headers   'last-modified': 'Wed, 29 Aug 2018 02:25:57 GMT',
173 verbose headers   vary: 'accept-encoding, accept',
173 verbose headers   'x-amz-meta-rev': '1124-a5e58931693e1cab1c3966c6e9da38af',
173 verbose headers   server: 'cloudflare' }
174 silly get cb [ 304,
174 silly get   { date: 'Mon, 03 Sep 2018 15:00:06 GMT',
174 silly get     connection: 'keep-alive',
174 silly get     'set-cookie': [ '__cfduid=dd03b152f891a5ccc8eb1bff520546ce31535986806; expires=Tue, 03-Sep-19 15:00:06 GMT; path=/; domain=.registry.npmjs.org; HttpOnly' ],
174 silly get     'cf-cache-status': 'HIT',
174 silly get     'cache-control': 'max-age=300',
174 silly get     'cf-ray': '454915850bdc5fd5-MRS',
174 silly get     etag: '"3677a397efcef1bb1921be3597fe48d6"',
174 silly get     'expect-ct': 'max-age=604800, report-uri="https://report-uri.cloudflare.com/cdn-cgi/beacon/expect-ct"',
174 silly get     'last-modified': 'Wed, 29 Aug 2018 02:25:57 GMT',
174 silly get     vary: 'accept-encoding, accept',
174 silly get     'x-amz-meta-rev': '1124-a5e58931693e1cab1c3966c6e9da38af',
174 silly get     server: 'cloudflare' } ]
175 verbose etag https://registry.npmjs.org/chalk from cache
176 verbose get saving chalk to /home/melad/.npm/registry.npmjs.org/chalk/.cache.json
177 http 304 https://registry.npmjs.org/supports-color
178 verbose headers { date: 'Mon, 03 Sep 2018 15:00:06 GMT',
178 verbose headers   connection: 'keep-alive',
178 verbose headers   'set-cookie': [ '__cfduid=dde26adfadcad1fd79e50e297bd6bda741535986806; expires=Tue, 03-Sep-19 15:00:06 GMT; path=/; domain=.registry.npmjs.org; HttpOnly' ],
178 verbose headers   'cf-cache-status': 'HIT',
178 verbose headers   'cache-control': 'max-age=300',
178 verbose headers   'cf-ray': '4549158519c75fdb-MRS',
178 verbose headers   etag: '"17ef9e7e03ff799150c584a3bb344312"',
178 verbose headers   'expect-ct': 'max-age=604800, report-uri="https://report-uri.cloudflare.com/cdn-cgi/beacon/expect-ct"',
178 verbose headers   'last-modified': 'Mon, 20 Aug 2018 04:37:41 GMT',
178 verbose headers   vary: 'accept-encoding, accept',
178 verbose headers   server: 'cloudflare' }
179 silly get cb [ 304,
179 silly get   { date: 'Mon, 03 Sep 2018 15:00:06 GMT',
179 silly get     connection: 'keep-alive',
179 silly get     'set-cookie': [ '__cfduid=dde26adfadcad1fd79e50e297bd6bda741535986806; expires=Tue, 03-Sep-19 15:00:06 GMT; path=/; domain=.registry.npmjs.org; HttpOnly' ],
179 silly get     'cf-cache-status': 'HIT',
179 silly get     'cache-control': 'max-age=300',
179 silly get     'cf-ray': '4549158519c75fdb-MRS',
179 silly get     etag: '"17ef9e7e03ff799150c584a3bb344312"',
179 silly get     'expect-ct': 'max-age=604800, report-uri="https://report-uri.cloudflare.com/cdn-cgi/beacon/expect-ct"',
179 silly get     'last-modified': 'Mon, 20 Aug 2018 04:37:41 GMT',
179 silly get     vary: 'accept-encoding, accept',
179 silly get     server: 'cloudflare' } ]
180 verbose etag https://registry.npmjs.org/supports-color from cache
181 verbose get saving supports-color to /home/melad/.npm/registry.npmjs.org/supports-color/.cache.json
182 silly resolveWithNewModule supports-color@5.5.0 checking installable status
183 silly cache add args [ 'supports-color@^5.4.0', null ]
184 verbose cache add spec supports-color@^5.4.0
185 silly cache add parsed spec Result {
185 silly cache add   raw: 'supports-color@^5.4.0',
185 silly cache add   scope: null,
185 silly cache add   name: 'supports-color',
185 silly cache add   rawSpec: '^5.4.0',
185 silly cache add   spec: '>=5.4.0 <6.0.0',
185 silly cache add   type: 'range' }
186 silly addNamed supports-color@>=5.4.0 <6.0.0
187 verbose addNamed ">=5.4.0 <6.0.0" is a valid semver range for supports-color
188 silly addNameRange { name: 'supports-color',
188 silly addNameRange   range: '>=5.4.0 <6.0.0',
188 silly addNameRange   hasData: false }
189 silly mapToRegistry name supports-color
190 silly mapToRegistry using default registry
191 silly mapToRegistry registry https://registry.npmjs.org/
192 silly mapToRegistry uri https://registry.npmjs.org/supports-color
193 verbose addNameRange registry:https://registry.npmjs.org/supports-color not in flight; fetching
194 silly resolveWithNewModule chalk@2.4.1 checking installable status
195 silly cache add args [ 'chalk@^2.4.1', null ]
196 verbose cache add spec chalk@^2.4.1
197 silly cache add parsed spec Result {
197 silly cache add   raw: 'chalk@^2.4.1',
197 silly cache add   scope: null,
197 silly cache add   name: 'chalk',
197 silly cache add   rawSpec: '^2.4.1',
197 silly cache add   spec: '>=2.4.1 <3.0.0',
197 silly cache add   type: 'range' }
198 silly addNamed chalk@>=2.4.1 <3.0.0
199 verbose addNamed ">=2.4.1 <3.0.0" is a valid semver range for chalk
200 silly addNameRange { name: 'chalk', range: '>=2.4.1 <3.0.0', hasData: false }
201 silly mapToRegistry name chalk
202 silly mapToRegistry using default registry
203 silly mapToRegistry registry https://registry.npmjs.org/
204 silly mapToRegistry uri https://registry.npmjs.org/chalk
205 verbose addNameRange registry:https://registry.npmjs.org/chalk not in flight; fetching
206 verbose get https://registry.npmjs.org/supports-color not expired, no request
207 silly addNameRange number 2 { name: 'supports-color',
207 silly addNameRange   range: '>=5.4.0 <6.0.0',
207 silly addNameRange   hasData: true }
208 silly addNameRange versions [ 'supports-color',
208 silly addNameRange   [ '0.2.0',
208 silly addNameRange     '1.0.0',
208 silly addNameRange     '1.1.0',
208 silly addNameRange     '1.2.0',
208 silly addNameRange     '1.2.1',
208 silly addNameRange     '1.3.0',
208 silly addNameRange     '1.3.1',
208 silly addNameRange     '2.0.0',
208 silly addNameRange     '3.0.0',
208 silly addNameRange     '3.0.1',
208 silly addNameRange     '3.1.0',
208 silly addNameRange     '3.1.1',
208 silly addNameRange     '3.1.2',
208 silly addNameRange     '3.2.0',
208 silly addNameRange     '3.2.1',
208 silly addNameRange     '3.2.2',
208 silly addNameRange     '3.2.3',
208 silly addNameRange     '4.0.0',
208 silly addNameRange     '4.1.0',
208 silly addNameRange     '4.2.0',
208 silly addNameRange     '4.2.1',
208 silly addNameRange     '4.3.0',
208 silly addNameRange     '4.4.0',
208 silly addNameRange     '4.5.0',
208 silly addNameRange     '5.0.0',
208 silly addNameRange     '5.0.1',
208 silly addNameRange     '5.1.0',
208 silly addNameRange     '5.2.0',
208 silly addNameRange     '5.3.0',
208 silly addNameRange     '5.4.0',
208 silly addNameRange     '5.5.0' ] ]
209 silly addNamed supports-color@5.5.0
210 verbose addNamed "5.5.0" is a plain semver version for supports-color
211 verbose get https://registry.npmjs.org/chalk not expired, no request
212 silly addNameRange number 2 { name: 'chalk', range: '>=2.4.1 <3.0.0', hasData: true }
213 silly addNameRange versions [ 'chalk',
213 silly addNameRange   [ '0.1.0',
213 silly addNameRange     '0.1.1',
213 silly addNameRange     '0.2.0',
213 silly addNameRange     '0.2.1',
213 silly addNameRange     '0.3.0',
213 silly addNameRange     '0.4.0',
213 silly addNameRange     '0.5.0',
213 silly addNameRange     '0.5.1',
213 silly addNameRange     '1.0.0',
213 silly addNameRange     '1.1.0',
213 silly addNameRange     '1.1.1',
213 silly addNameRange     '1.1.2',
213 silly addNameRange     '1.1.3',
213 silly addNameRange     '2.0.0',
213 silly addNameRange     '2.0.1',
213 silly addNameRange     '2.1.0',
213 silly addNameRange     '2.2.0',
213 silly addNameRange     '2.2.2',
213 silly addNameRange     '2.3.0',
213 silly addNameRange     '2.3.1',
213 silly addNameRange     '2.3.2',
213 silly addNameRange     '2.4.0',
213 silly addNameRange     '2.4.1' ] ]
214 silly addNamed chalk@2.4.1
215 verbose addNamed "2.4.1" is a plain semver version for chalk
216 silly cache afterAdd supports-color@5.5.0
217 verbose afterAdd /home/melad/.npm/supports-color/5.5.0/package/package.json not in flight; writing
218 silly cache afterAdd chalk@2.4.1
219 verbose afterAdd /home/melad/.npm/chalk/2.4.1/package/package.json not in flight; writing
220 verbose afterAdd /home/melad/.npm/supports-color/5.5.0/package/package.json written
221 verbose afterAdd /home/melad/.npm/chalk/2.4.1/package/package.json written
222 http 304 https://registry.npmjs.org/source-map
223 verbose headers { date: 'Mon, 03 Sep 2018 15:00:06 GMT',
223 verbose headers   connection: 'keep-alive',
223 verbose headers   'set-cookie': [ '__cfduid=dde26adfadcad1fd79e50e297bd6bda741535986806; expires=Tue, 03-Sep-19 15:00:06 GMT; path=/; domain=.registry.npmjs.org; HttpOnly' ],
223 verbose headers   'cf-cache-status': 'HIT',
223 verbose headers   'cache-control': 'max-age=300',
223 verbose headers   'cf-ray': '454915864a925fdb-MRS',
223 verbose headers   etag: '"fdc4842f93dc35931f06fd2a9ed23684"',
223 verbose headers   'expect-ct': 'max-age=604800, report-uri="https://report-uri.cloudflare.com/cdn-cgi/beacon/expect-ct"',
223 verbose headers   'last-modified': 'Fri, 03 Aug 2018 00:37:24 GMT',
223 verbose headers   vary: 'accept-encoding, accept',
223 verbose headers   server: 'cloudflare' }
224 silly get cb [ 304,
224 silly get   { date: 'Mon, 03 Sep 2018 15:00:06 GMT',
224 silly get     connection: 'keep-alive',
224 silly get     'set-cookie': [ '__cfduid=dde26adfadcad1fd79e50e297bd6bda741535986806; expires=Tue, 03-Sep-19 15:00:06 GMT; path=/; domain=.registry.npmjs.org; HttpOnly' ],
224 silly get     'cf-cache-status': 'HIT',
224 silly get     'cache-control': 'max-age=300',
224 silly get     'cf-ray': '454915864a925fdb-MRS',
224 silly get     etag: '"fdc4842f93dc35931f06fd2a9ed23684"',
224 silly get     'expect-ct': 'max-age=604800, report-uri="https://report-uri.cloudflare.com/cdn-cgi/beacon/expect-ct"',
224 silly get     'last-modified': 'Fri, 03 Aug 2018 00:37:24 GMT',
224 silly get     vary: 'accept-encoding, accept',
224 silly get     server: 'cloudflare' } ]
225 verbose etag https://registry.npmjs.org/source-map from cache
226 verbose get saving source-map to /home/melad/.npm/registry.npmjs.org/source-map/.cache.json
227 silly resolveWithNewModule source-map@0.6.1 checking installable status
228 silly cache add args [ 'source-map@^0.6.1', null ]
229 verbose cache add spec source-map@^0.6.1
230 silly cache add parsed spec Result {
230 silly cache add   raw: 'source-map@^0.6.1',
230 silly cache add   scope: null,
230 silly cache add   name: 'source-map',
230 silly cache add   rawSpec: '^0.6.1',
230 silly cache add   spec: '>=0.6.1 <0.7.0',
230 silly cache add   type: 'range' }
231 silly addNamed source-map@>=0.6.1 <0.7.0
232 verbose addNamed ">=0.6.1 <0.7.0" is a valid semver range for source-map
233 silly addNameRange { name: 'source-map', range: '>=0.6.1 <0.7.0', hasData: false }
234 silly mapToRegistry name source-map
235 silly mapToRegistry using default registry
236 silly mapToRegistry registry https://registry.npmjs.org/
237 silly mapToRegistry uri https://registry.npmjs.org/source-map
238 verbose addNameRange registry:https://registry.npmjs.org/source-map not in flight; fetching
239 verbose get https://registry.npmjs.org/source-map not expired, no request
240 silly addNameRange number 2 { name: 'source-map', range: '>=0.6.1 <0.7.0', hasData: true }
241 silly addNameRange versions [ 'source-map',
241 silly addNameRange   [ '0.0.0',
241 silly addNameRange     '0.1.0',
241 silly addNameRange     '0.1.1',
241 silly addNameRange     '0.1.2',
241 silly addNameRange     '0.1.3',
241 silly addNameRange     '0.1.4',
241 silly addNameRange     '0.1.5',
241 silly addNameRange     '0.1.6',
241 silly addNameRange     '0.1.7',
241 silly addNameRange     '0.1.8',
241 silly addNameRange     '0.1.9',
241 silly addNameRange     '0.1.10',
241 silly addNameRange     '0.1.11',
241 silly addNameRange     '0.1.12',
241 silly addNameRange     '0.1.13',
241 silly addNameRange     '0.1.14',
241 silly addNameRange     '0.1.15',
241 silly addNameRange     '0.1.16',
241 silly addNameRange     '0.1.17',
241 silly addNameRange     '0.1.18',
241 silly addNameRange     '0.1.19',
241 silly addNameRange     '0.1.20',
241 silly addNameRange     '0.1.21',
241 silly addNameRange     '0.1.22',
241 silly addNameRange     '0.1.23',
241 silly addNameRange     '0.1.24',
241 silly addNameRange     '0.1.25',
241 silly addNameRange     '0.1.26',
241 silly addNameRange     '0.1.27',
241 silly addNameRange     '0.1.28',
241 silly addNameRange     '0.1.29',
241 silly addNameRange     '0.1.30',
241 silly addNameRange     '0.1.31',
241 silly addNameRange     '0.1.32',
241 silly addNameRange     '0.1.33',
241 silly addNameRange     '0.1.34',
241 silly addNameRange     '0.1.35',
241 silly addNameRange     '0.1.36',
241 silly addNameRange     '0.1.37',
241 silly addNameRange     '0.1.38',
241 silly addNameRange     '0.1.39',
241 silly addNameRange     '0.1.40',
241 silly addNameRange     '0.1.41',
241 silly addNameRange     '0.1.42',
241 silly addNameRange     '0.1.43',
241 silly addNameRange     '0.2.0',
241 silly addNameRange     '0.3.0',
241 silly addNameRange     '0.4.0',
241 silly addNameRange     '0.4.1',
241 silly addNameRange     '0.4.2',
241 silly addNameRange     '0.4.3',
241 silly addNameRange     '0.4.4',
241 silly addNameRange     '0.5.0',
241 silly addNameRange     '0.5.1',
241 silly addNameRange     '0.5.2',
241 silly addNameRange     '0.5.3',
241 silly addNameRange     '0.5.4',
241 silly addNameRange     '0.5.5',
241 silly addNameRange     '0.5.6',
241 silly addNameRange     '0.5.7',
241 silly addNameRange     '0.6.0',
241 silly addNameRange     '0.6.1',
241 silly addNameRange     '0.7.0',
241 silly addNameRange     '0.7.1',
241 silly addNameRange     '0.7.2',
241 silly addNameRange     '0.7.3' ] ]
242 silly addNamed source-map@0.6.1
243 verbose addNamed "0.6.1" is a plain semver version for source-map
244 silly cache afterAdd source-map@0.6.1
245 verbose afterAdd /home/melad/.npm/source-map/0.6.1/package/package.json not in flight; writing
246 verbose afterAdd /home/melad/.npm/source-map/0.6.1/package/package.json written
247 silly fetchNamedPackageData ansi-styles
248 silly mapToRegistry name ansi-styles
249 silly mapToRegistry using default registry
250 silly mapToRegistry registry https://registry.npmjs.org/
251 silly mapToRegistry uri https://registry.npmjs.org/ansi-styles
252 verbose request uri https://registry.npmjs.org/ansi-styles
253 verbose request no auth needed
254 info attempt registry request try #1 at 5:58:29 AM
255 verbose etag W/"58a75a79d270a64258242f6a94ee96f0"
256 verbose lastModified Sat, 26 May 2018 00:28:35 GMT
257 http request GET https://registry.npmjs.org/ansi-styles
258 http 304 https://registry.npmjs.org/ansi-styles
259 verbose headers { date: 'Mon, 03 Sep 2018 15:00:08 GMT',
259 verbose headers   connection: 'keep-alive',
259 verbose headers   'set-cookie': [ '__cfduid=ddc6a2cbd94416e17a20c1f3e223deba01535986808; expires=Tue, 03-Sep-19 15:00:08 GMT; path=/; domain=.registry.npmjs.org; HttpOnly' ],
259 verbose headers   'cf-cache-status': 'HIT',
259 verbose headers   'cache-control': 'max-age=300',
259 verbose headers   'cf-ray': '4549158ebfde5ff3-MRS',
259 verbose headers   etag: '"58a75a79d270a64258242f6a94ee96f0"',
259 verbose headers   'expect-ct': 'max-age=604800, report-uri="https://report-uri.cloudflare.com/cdn-cgi/beacon/expect-ct"',
259 verbose headers   'last-modified': 'Sat, 26 May 2018 16:54:20 GMT',
259 verbose headers   vary: 'accept-encoding, accept',
259 verbose headers   server: 'cloudflare' }
260 silly get cb [ 304,
260 silly get   { date: 'Mon, 03 Sep 2018 15:00:08 GMT',
260 silly get     connection: 'keep-alive',
260 silly get     'set-cookie': [ '__cfduid=ddc6a2cbd94416e17a20c1f3e223deba01535986808; expires=Tue, 03-Sep-19 15:00:08 GMT; path=/; domain=.registry.npmjs.org; HttpOnly' ],
260 silly get     'cf-cache-status': 'HIT',
260 silly get     'cache-control': 'max-age=300',
260 silly get     'cf-ray': '4549158ebfde5ff3-MRS',
260 silly get     etag: '"58a75a79d270a64258242f6a94ee96f0"',
260 silly get     'expect-ct': 'max-age=604800, report-uri="https://report-uri.cloudflare.com/cdn-cgi/beacon/expect-ct"',
260 silly get     'last-modified': 'Sat, 26 May 2018 16:54:20 GMT',
260 silly get     vary: 'accept-encoding, accept',
260 silly get     server: 'cloudflare' } ]
261 verbose etag https://registry.npmjs.org/ansi-styles from cache
262 verbose get saving ansi-styles to /home/melad/.npm/registry.npmjs.org/ansi-styles/.cache.json
263 silly resolveWithNewModule ansi-styles@3.2.1 checking installable status
264 silly cache add args [ 'ansi-styles@^3.2.1', null ]
265 verbose cache add spec ansi-styles@^3.2.1
266 silly cache add parsed spec Result {
266 silly cache add   raw: 'ansi-styles@^3.2.1',
266 silly cache add   scope: null,
266 silly cache add   name: 'ansi-styles',
266 silly cache add   rawSpec: '^3.2.1',
266 silly cache add   spec: '>=3.2.1 <4.0.0',
266 silly cache add   type: 'range' }
267 silly addNamed ansi-styles@>=3.2.1 <4.0.0
268 verbose addNamed ">=3.2.1 <4.0.0" is a valid semver range for ansi-styles
269 silly addNameRange { name: 'ansi-styles', range: '>=3.2.1 <4.0.0', hasData: false }
270 silly mapToRegistry name ansi-styles
271 silly mapToRegistry using default registry
272 silly mapToRegistry registry https://registry.npmjs.org/
273 silly mapToRegistry uri https://registry.npmjs.org/ansi-styles
274 verbose addNameRange registry:https://registry.npmjs.org/ansi-styles not in flight; fetching
275 verbose get https://registry.npmjs.org/ansi-styles not expired, no request
276 silly addNameRange number 2 { name: 'ansi-styles', range: '>=3.2.1 <4.0.0', hasData: true }
277 silly addNameRange versions [ 'ansi-styles',
277 silly addNameRange   [ '0.1.0',
277 silly addNameRange     '0.1.1',
277 silly addNameRange     '0.1.2',
277 silly addNameRange     '0.2.0',
277 silly addNameRange     '1.0.0',
277 silly addNameRange     '1.1.0',
277 silly addNameRange     '2.0.0',
277 silly addNameRange     '2.0.1',
277 silly addNameRange     '2.1.0',
277 silly addNameRange     '2.2.1',
277 silly addNameRange     '3.0.0',
277 silly addNameRange     '3.1.0',
277 silly addNameRange     '3.2.0',
277 silly addNameRange     '3.2.1' ] ]
278 silly addNamed ansi-styles@3.2.1
279 verbose addNamed "3.2.1" is a plain semver version for ansi-styles
280 silly cache afterAdd ansi-styles@3.2.1
281 verbose afterAdd /home/melad/.npm/ansi-styles/3.2.1/package/package.json not in flight; writing
282 verbose afterAdd /home/melad/.npm/ansi-styles/3.2.1/package/package.json written
283 silly fetchNamedPackageData color-convert
284 silly mapToRegistry name color-convert
285 silly mapToRegistry using default registry
286 silly mapToRegistry registry https://registry.npmjs.org/
287 silly mapToRegistry uri https://registry.npmjs.org/color-convert
288 verbose request uri https://registry.npmjs.org/color-convert
289 verbose request no auth needed
290 info attempt registry request try #1 at 5:58:30 AM
291 verbose etag W/"4c00e5f793286c6cc45627c702c612c2"
292 verbose lastModified Tue, 28 Aug 2018 05:32:43 GMT
293 http request GET https://registry.npmjs.org/color-convert
294 http 304 https://registry.npmjs.org/color-convert
295 verbose headers { date: 'Mon, 03 Sep 2018 15:00:08 GMT',
295 verbose headers   connection: 'keep-alive',
295 verbose headers   'set-cookie': [ '__cfduid=d8b1c9b6512e086e10edfa0fba958f1c11535986808; expires=Tue, 03-Sep-19 15:00:08 GMT; path=/; domain=.registry.npmjs.org; HttpOnly' ],
295 verbose headers   'cf-cache-status': 'HIT',
295 verbose headers   'cache-control': 'max-age=300',
295 verbose headers   'cf-ray': '454915924dca6023-MRS',
295 verbose headers   etag: '"4c00e5f793286c6cc45627c702c612c2"',
295 verbose headers   'expect-ct': 'max-age=604800, report-uri="https://report-uri.cloudflare.com/cdn-cgi/beacon/expect-ct"',
295 verbose headers   'last-modified': 'Tue, 28 Aug 2018 05:32:43 GMT',
295 verbose headers   vary: 'accept-encoding, accept',
295 verbose headers   server: 'cloudflare' }
296 silly get cb [ 304,
296 silly get   { date: 'Mon, 03 Sep 2018 15:00:08 GMT',
296 silly get     connection: 'keep-alive',
296 silly get     'set-cookie': [ '__cfduid=d8b1c9b6512e086e10edfa0fba958f1c11535986808; expires=Tue, 03-Sep-19 15:00:08 GMT; path=/; domain=.registry.npmjs.org; HttpOnly' ],
296 silly get     'cf-cache-status': 'HIT',
296 silly get     'cache-control': 'max-age=300',
296 silly get     'cf-ray': '454915924dca6023-MRS',
296 silly get     etag: '"4c00e5f793286c6cc45627c702c612c2"',
296 silly get     'expect-ct': 'max-age=604800, report-uri="https://report-uri.cloudflare.com/cdn-cgi/beacon/expect-ct"',
296 silly get     'last-modified': 'Tue, 28 Aug 2018 05:32:43 GMT',
296 silly get     vary: 'accept-encoding, accept',
296 silly get     server: 'cloudflare' } ]
297 verbose etag https://registry.npmjs.org/color-convert from cache
298 verbose get saving color-convert to /home/melad/.npm/registry.npmjs.org/color-convert/.cache.json
299 silly resolveWithNewModule color-convert@1.9.3 checking installable status
300 silly cache add args [ 'color-convert@^1.9.0', null ]
301 verbose cache add spec color-convert@^1.9.0
302 silly cache add parsed spec Result {
302 silly cache add   raw: 'color-convert@^1.9.0',
302 silly cache add   scope: null,
302 silly cache add   name: 'color-convert',
302 silly cache add   rawSpec: '^1.9.0',
302 silly cache add   spec: '>=1.9.0 <2.0.0',
302 silly cache add   type: 'range' }
303 silly addNamed color-convert@>=1.9.0 <2.0.0
304 verbose addNamed ">=1.9.0 <2.0.0" is a valid semver range for color-convert
305 silly addNameRange { name: 'color-convert',
305 silly addNameRange   range: '>=1.9.0 <2.0.0',
305 silly addNameRange   hasData: false }
306 silly mapToRegistry name color-convert
307 silly mapToRegistry using default registry
308 silly mapToRegistry registry https://registry.npmjs.org/
309 silly mapToRegistry uri https://registry.npmjs.org/color-convert
310 verbose addNameRange registry:https://registry.npmjs.org/color-convert not in flight; fetching
311 verbose get https://registry.npmjs.org/color-convert not expired, no request
312 silly addNameRange number 2 { name: 'color-convert', range: '>=1.9.0 <2.0.0', hasData: true }
313 silly addNameRange versions [ 'color-convert',
313 silly addNameRange   [ '0.1.0',
313 silly addNameRange     '0.2.0',
313 silly addNameRange     '0.2.1',
313 silly addNameRange     '0.3.0',
313 silly addNameRange     '0.3.1',
313 silly addNameRange     '0.3.4',
313 silly addNameRange     '0.4.0',
313 silly addNameRange     '0.5.0',
313 silly addNameRange     '0.5.1',
313 silly addNameRange     '0.5.2',
313 silly addNameRange     '0.5.3',
313 silly addNameRange     '0.6.0',
313 silly addNameRange     '0.7.0',
313 silly addNameRange     '1.0.0',
313 silly addNameRange     '1.1.0',
313 silly addNameRange     '1.1.1',
313 silly addNameRange     '1.1.2',
313 silly addNameRange     '1.2.0',
313 silly addNameRange     '1.2.1',
313 silly addNameRange     '1.2.2',
313 silly addNameRange     '1.3.0',
313 silly addNameRange     '1.3.1',
313 silly addNameRange     '1.4.0',
313 silly addNameRange     '1.5.0',
313 silly addNameRange     '1.6.0',
313 silly addNameRange     '1.7.0',
313 silly addNameRange     '1.8.0',
313 silly addNameRange     '1.8.1',
313 silly addNameRange     '1.8.2',
313 silly addNameRange     '1.9.0',
313 silly addNameRange     '1.9.1',
313 silly addNameRange     '1.9.2',
313 silly addNameRange     '1.9.3' ] ]
314 silly addNamed color-convert@1.9.3
315 verbose addNamed "1.9.3" is a plain semver version for color-convert
316 silly cache afterAdd color-convert@1.9.3
317 verbose afterAdd /home/melad/.npm/color-convert/1.9.3/package/package.json not in flight; writing
318 verbose afterAdd /home/melad/.npm/color-convert/1.9.3/package/package.json written
319 silly fetchNamedPackageData color-name
320 silly mapToRegistry name color-name
321 silly mapToRegistry using default registry
322 silly mapToRegistry registry https://registry.npmjs.org/
323 silly mapToRegistry uri https://registry.npmjs.org/color-name
324 verbose request uri https://registry.npmjs.org/color-name
325 verbose request no auth needed
326 info attempt registry request try #1 at 5:58:31 AM
327 verbose etag W/"e1437e402ae76fbe36ae6866ad786929"
328 verbose lastModified Sat, 26 May 2018 20:17:20 GMT
329 http request GET https://registry.npmjs.org/color-name
330 http 304 https://registry.npmjs.org/color-name
331 verbose headers { date: 'Mon, 03 Sep 2018 15:00:09 GMT',
331 verbose headers   connection: 'keep-alive',
331 verbose headers   'set-cookie': [ '__cfduid=dbbda425ba9d8068654a3a4bb522cc5b11535986809; expires=Tue, 03-Sep-19 15:00:09 GMT; path=/; domain=.registry.npmjs.org; HttpOnly' ],
331 verbose headers   'cf-cache-status': 'HIT',
331 verbose headers   'cache-control': 'max-age=300',
331 verbose headers   'cf-ray': '45491597d9e45ff9-MRS',
331 verbose headers   etag: '"e1437e402ae76fbe36ae6866ad786929"',
331 verbose headers   'expect-ct': 'max-age=604800, report-uri="https://report-uri.cloudflare.com/cdn-cgi/beacon/expect-ct"',
331 verbose headers   'last-modified': 'Sat, 26 May 2018 20:17:20 GMT',
331 verbose headers   vary: 'accept-encoding, accept',
331 verbose headers   server: 'cloudflare' }
332 silly get cb [ 304,
332 silly get   { date: 'Mon, 03 Sep 2018 15:00:09 GMT',
332 silly get     connection: 'keep-alive',
332 silly get     'set-cookie': [ '__cfduid=dbbda425ba9d8068654a3a4bb522cc5b11535986809; expires=Tue, 03-Sep-19 15:00:09 GMT; path=/; domain=.registry.npmjs.org; HttpOnly' ],
332 silly get     'cf-cache-status': 'HIT',
332 silly get     'cache-control': 'max-age=300',
332 silly get     'cf-ray': '45491597d9e45ff9-MRS',
332 silly get     etag: '"e1437e402ae76fbe36ae6866ad786929"',
332 silly get     'expect-ct': 'max-age=604800, report-uri="https://report-uri.cloudflare.com/cdn-cgi/beacon/expect-ct"',
332 silly get     'last-modified': 'Sat, 26 May 2018 20:17:20 GMT',
332 silly get     vary: 'accept-encoding, accept',
332 silly get     server: 'cloudflare' } ]
333 verbose etag https://registry.npmjs.org/color-name from cache
334 verbose get saving color-name to /home/melad/.npm/registry.npmjs.org/color-name/.cache.json
335 silly resolveWithNewModule color-name@1.1.3 checking installable status
336 silly cache add args [ 'color-name@1.1.3', null ]
337 verbose cache add spec color-name@1.1.3
338 silly cache add parsed spec Result {
338 silly cache add   raw: 'color-name@1.1.3',
338 silly cache add   scope: null,
338 silly cache add   name: 'color-name',
338 silly cache add   rawSpec: '1.1.3',
338 silly cache add   spec: '1.1.3',
338 silly cache add   type: 'version' }
339 silly addNamed color-name@1.1.3
340 verbose addNamed "1.1.3" is a plain semver version for color-name
341 silly mapToRegistry name color-name
342 silly mapToRegistry using default registry
343 silly mapToRegistry registry https://registry.npmjs.org/
344 silly mapToRegistry uri https://registry.npmjs.org/color-name
345 verbose addNameVersion registry:https://registry.npmjs.org/color-name not in flight; fetching
346 verbose get https://registry.npmjs.org/color-name not expired, no request
347 silly cache afterAdd color-name@1.1.3
348 verbose afterAdd /home/melad/.npm/color-name/1.1.3/package/package.json not in flight; writing
349 verbose afterAdd /home/melad/.npm/color-name/1.1.3/package/package.json written
350 silly fetchNamedPackageData has-flag
351 silly mapToRegistry name has-flag
352 silly mapToRegistry using default registry
353 silly mapToRegistry registry https://registry.npmjs.org/
354 silly mapToRegistry uri https://registry.npmjs.org/has-flag
355 verbose request uri https://registry.npmjs.org/has-flag
356 verbose request no auth needed
357 info attempt registry request try #1 at 5:58:32 AM
358 verbose etag W/"cadac1c1cc1ff622672831a21871ceca"
359 verbose lastModified Sun, 27 May 2018 03:34:16 GMT
360 http request GET https://registry.npmjs.org/has-flag
361 http 304 https://registry.npmjs.org/has-flag
362 verbose headers { date: 'Mon, 03 Sep 2018 15:00:10 GMT',
362 verbose headers   connection: 'keep-alive',
362 verbose headers   'set-cookie': [ '__cfduid=d55c730d3ead221f4aba0795e55038ad11535986810; expires=Tue, 03-Sep-19 15:00:10 GMT; path=/; domain=.registry.npmjs.org; HttpOnly' ],
362 verbose headers   'cf-cache-status': 'HIT',
362 verbose headers   'cache-control': 'max-age=300',
362 verbose headers   'cf-ray': '4549159f488025f2-MRS',
362 verbose headers   etag: '"cadac1c1cc1ff622672831a21871ceca"',
362 verbose headers   'expect-ct': 'max-age=604800, report-uri="https://report-uri.cloudflare.com/cdn-cgi/beacon/expect-ct"',
362 verbose headers   'last-modified': 'Sun, 27 May 2018 03:34:16 GMT',
362 verbose headers   vary: 'accept-encoding, accept',
362 verbose headers   server: 'cloudflare' }
363 silly get cb [ 304,
363 silly get   { date: 'Mon, 03 Sep 2018 15:00:10 GMT',
363 silly get     connection: 'keep-alive',
363 silly get     'set-cookie': [ '__cfduid=d55c730d3ead221f4aba0795e55038ad11535986810; expires=Tue, 03-Sep-19 15:00:10 GMT; path=/; domain=.registry.npmjs.org; HttpOnly' ],
363 silly get     'cf-cache-status': 'HIT',
363 silly get     'cache-control': 'max-age=300',
363 silly get     'cf-ray': '4549159f488025f2-MRS',
363 silly get     etag: '"cadac1c1cc1ff622672831a21871ceca"',
363 silly get     'expect-ct': 'max-age=604800, report-uri="https://report-uri.cloudflare.com/cdn-cgi/beacon/expect-ct"',
363 silly get     'last-modified': 'Sun, 27 May 2018 03:34:16 GMT',
363 silly get     vary: 'accept-encoding, accept',
363 silly get     server: 'cloudflare' } ]
364 verbose etag https://registry.npmjs.org/has-flag from cache
365 verbose get saving has-flag to /home/melad/.npm/registry.npmjs.org/has-flag/.cache.json
366 silly resolveWithNewModule has-flag@3.0.0 checking installable status
367 silly cache add args [ 'has-flag@^3.0.0', null ]
368 verbose cache add spec has-flag@^3.0.0
369 silly cache add parsed spec Result {
369 silly cache add   raw: 'has-flag@^3.0.0',
369 silly cache add   scope: null,
369 silly cache add   name: 'has-flag',
369 silly cache add   rawSpec: '^3.0.0',
369 silly cache add   spec: '>=3.0.0 <4.0.0',
369 silly cache add   type: 'range' }
370 silly addNamed has-flag@>=3.0.0 <4.0.0
371 verbose addNamed ">=3.0.0 <4.0.0" is a valid semver range for has-flag
372 silly addNameRange { name: 'has-flag', range: '>=3.0.0 <4.0.0', hasData: false }
373 silly mapToRegistry name has-flag
374 silly mapToRegistry using default registry
375 silly mapToRegistry registry https://registry.npmjs.org/
376 silly mapToRegistry uri https://registry.npmjs.org/has-flag
377 verbose addNameRange registry:https://registry.npmjs.org/has-flag not in flight; fetching
378 verbose get https://registry.npmjs.org/has-flag not expired, no request
379 silly addNameRange number 2 { name: 'has-flag', range: '>=3.0.0 <4.0.0', hasData: true }
380 silly addNameRange versions [ 'has-flag', [ '1.0.0', '2.0.0', '3.0.0' ] ]
381 silly addNamed has-flag@3.0.0
382 verbose addNamed "3.0.0" is a plain semver version for has-flag
383 silly cache afterAdd has-flag@3.0.0
384 verbose afterAdd /home/melad/.npm/has-flag/3.0.0/package/package.json not in flight; writing
385 verbose afterAdd /home/melad/.npm/has-flag/3.0.0/package/package.json written
386 silly loadAllDepsIntoIdealTree Finishing
387 silly idealTree:prePrune melad
387 silly idealTree:prePrune  ansi-gray@0.1.1
387 silly idealTree:prePrune  ansi-regex@2.1.1
387 silly idealTree:prePrune  ansi-styles@2.2.1
387 silly idealTree:prePrune  ansi-wrap@0.1.0
387 silly idealTree:prePrune  archy@1.0.0
387 silly idealTree:prePrune  arr-diff@4.0.0
387 silly idealTree:prePrune  arr-flatten@1.1.0
387 silly idealTree:prePrune  arr-union@3.1.0
387 silly idealTree:prePrune  array-differ@1.0.0
387 silly idealTree:prePrune  array-each@1.0.1
387 silly idealTree:prePrune  array-slice@1.1.0
387 silly idealTree:prePrune  array-uniq@1.0.3
387 silly idealTree:prePrune  array-unique@0.3.2
387 silly idealTree:prePrune  assign-symbols@1.0.0
387 silly idealTree:prePrune  atob@2.1.1
387 silly idealTree:prePrune  balanced-match@1.0.0
387 silly idealTree:prePrune  base@0.11.2
387 silly idealTree:prePrune   define-property@1.0.0
387 silly idealTree:prePrune   is-accessor-descriptor@1.0.0
387 silly idealTree:prePrune   is-data-descriptor@1.0.0
387 silly idealTree:prePrune   is-descriptor@1.0.2
387 silly idealTree:prePrune  beeper@1.1.1
387 silly idealTree:prePrune  brace-expansion@1.1.11
387 silly idealTree:prePrune  braces@2.3.2
387 silly idealTree:prePrune   extend-shallow@2.0.1
387 silly idealTree:prePrune  cache-base@1.0.1
387 silly idealTree:prePrune  chalk@1.1.3
387 silly idealTree:prePrune  class-utils@0.3.6
387 silly idealTree:prePrune   define-property@0.2.5
387 silly idealTree:prePrune  clone-stats@0.0.1
387 silly idealTree:prePrune  clone@1.0.4
387 silly idealTree:prePrune  collection-visit@1.0.0
387 silly idealTree:prePrune  color-convert@1.9.3
387 silly idealTree:prePrune  color-name@1.1.3
387 silly idealTree:prePrune  color-support@1.1.3
387 silly idealTree:prePrune  component-emitter@1.2.1
387 silly idealTree:prePrune  concat-map@0.0.1
387 silly idealTree:prePrune  copy-descriptor@0.1.1
387 silly idealTree:prePrune  core-util-is@1.0.2
387 silly idealTree:prePrune  dateformat@2.2.0
387 silly idealTree:prePrune  debug@2.6.9
387 silly idealTree:prePrune  decode-uri-component@0.2.0
387 silly idealTree:prePrune  defaults@1.0.3
387 silly idealTree:prePrune  define-property@2.0.2
387 silly idealTree:prePrune   is-accessor-descriptor@1.0.0
387 silly idealTree:prePrune   is-data-descriptor@1.0.0
387 silly idealTree:prePrune   is-descriptor@1.0.2
387 silly idealTree:prePrune  deprecated@0.0.1
387 silly idealTree:prePrune  detect-file@1.0.0
387 silly idealTree:prePrune  duplexer2@0.0.2
387 silly idealTree:prePrune  end-of-stream@0.1.5
387 silly idealTree:prePrune  escape-string-regexp@1.0.5
387 silly idealTree:prePrune  expand-brackets@2.1.4
387 silly idealTree:prePrune   define-property@0.2.5
387 silly idealTree:prePrune   extend-shallow@2.0.1
387 silly idealTree:prePrune  expand-tilde@2.0.2
387 silly idealTree:prePrune  extend-shallow@3.0.2
387 silly idealTree:prePrune   is-extendable@1.0.1
387 silly idealTree:prePrune  extend@3.0.2
387 silly idealTree:prePrune  extglob@2.0.4
387 silly idealTree:prePrune   define-property@1.0.0
387 silly idealTree:prePrune   extend-shallow@2.0.1
387 silly idealTree:prePrune   is-accessor-descriptor@1.0.0
387 silly idealTree:prePrune   is-data-descriptor@1.0.0
387 silly idealTree:prePrune   is-descriptor@1.0.2
387 silly idealTree:prePrune  fancy-log@1.3.2
387 silly idealTree:prePrune  fill-range@4.0.0
387 silly idealTree:prePrune   extend-shallow@2.0.1
387 silly idealTree:prePrune  find-index@0.1.1
387 silly idealTree:prePrune  findup-sync@2.0.0
387 silly idealTree:prePrune  fined@1.1.0
387 silly idealTree:prePrune  first-chunk-stream@1.0.0
387 silly idealTree:prePrune  flagged-respawn@1.0.0
387 silly idealTree:prePrune  for-in@1.0.2
387 silly idealTree:prePrune  for-own@1.0.0
387 silly idealTree:prePrune  fragment-cache@0.2.1
387 silly idealTree:prePrune  gaze@0.5.2
387 silly idealTree:prePrune  get-value@2.0.6
387 silly idealTree:prePrune  glob-stream@3.1.18
387 silly idealTree:prePrune   readable-stream@1.0.34
387 silly idealTree:prePrune   through2@0.6.5
387 silly idealTree:prePrune  glob-watcher@0.0.6
387 silly idealTree:prePrune  glob@4.5.3
387 silly idealTree:prePrune  glob2base@0.0.12
387 silly idealTree:prePrune  global-modules@1.0.0
387 silly idealTree:prePrune  global-prefix@1.0.2
387 silly idealTree:prePrune  globule@0.1.0
387 silly idealTree:prePrune   glob@3.1.21
387 silly idealTree:prePrune   graceful-fs@1.2.3
387 silly idealTree:prePrune   inherits@1.0.2
387 silly idealTree:prePrune   minimatch@0.2.14
387 silly idealTree:prePrune  glogg@1.0.1
387 silly idealTree:prePrune  graceful-fs@3.0.11
387 silly idealTree:prePrune  gulp-rename@1.4.0
387 silly idealTree:prePrune  gulp-util@3.0.8
387 silly idealTree:prePrune  gulp@3.9.1
387 silly idealTree:prePrune  gulplog@1.0.0
387 silly idealTree:prePrune  has-ansi@2.0.0
387 silly idealTree:prePrune  has-flag@3.0.0
387 silly idealTree:prePrune  has-gulplog@0.1.0
387 silly idealTree:prePrune  has-value@1.0.0
387 silly idealTree:prePrune  has-values@1.0.0
387 silly idealTree:prePrune   kind-of@4.0.0
387 silly idealTree:prePrune  homedir-polyfill@1.0.1
387 silly idealTree:prePrune  inflight@1.0.6
387 silly idealTree:prePrune  inherits@2.0.3
387 silly idealTree:prePrune  ini@1.3.5
387 silly idealTree:prePrune  interpret@1.1.0
387 silly idealTree:prePrune  is-absolute@1.0.0
387 silly idealTree:prePrune  is-accessor-descriptor@0.1.6
387 silly idealTree:prePrune   kind-of@3.2.2
387 silly idealTree:prePrune  is-buffer@1.1.6
387 silly idealTree:prePrune  is-data-descriptor@0.1.4
387 silly idealTree:prePrune   kind-of@3.2.2
387 silly idealTree:prePrune  is-descriptor@0.1.6
387 silly idealTree:prePrune   kind-of@5.1.0
387 silly idealTree:prePrune  is-extendable@0.1.1
387 silly idealTree:prePrune  is-extglob@2.1.1
387 silly idealTree:prePrune  is-glob@3.1.0
387 silly idealTree:prePrune  is-number@3.0.0
387 silly idealTree:prePrune   kind-of@3.2.2
387 silly idealTree:prePrune  is-plain-object@2.0.4
387 silly idealTree:prePrune  is-relative@1.0.0
387 silly idealTree:prePrune  is-unc-path@1.0.0
387 silly idealTree:prePrune  is-utf8@0.2.1
387 silly idealTree:prePrune  is-windows@1.0.2
387 silly idealTree:prePrune  isarray@0.0.1
387 silly idealTree:prePrune  isexe@2.0.0
387 silly idealTree:prePrune  isobject@3.0.1
387 silly idealTree:prePrune  kind-of@6.0.2
387 silly idealTree:prePrune  liftoff@2.5.0
387 silly idealTree:prePrune  lodash._basecopy@3.0.1
387 silly idealTree:prePrune  lodash._basetostring@3.0.1
387 silly idealTree:prePrune  lodash._basevalues@3.0.0
387 silly idealTree:prePrune  lodash._getnative@3.9.1
387 silly idealTree:prePrune  lodash._isiterateecall@3.0.9
387 silly idealTree:prePrune  lodash._reescape@3.0.0
387 silly idealTree:prePrune  lodash._reevaluate@3.0.0
387 silly idealTree:prePrune  lodash._reinterpolate@3.0.0
387 silly idealTree:prePrune  lodash._root@3.0.1
387 silly idealTree:prePrune  lodash.escape@3.2.0
387 silly idealTree:prePrune  lodash.isarguments@3.1.0
387 silly idealTree:prePrune  lodash.isarray@3.0.4
387 silly idealTree:prePrune  lodash.keys@3.1.2
387 silly idealTree:prePrune  lodash.restparam@3.6.1
387 silly idealTree:prePrune  lodash.template@3.6.2
387 silly idealTree:prePrune  lodash.templatesettings@3.1.1
387 silly idealTree:prePrune  lodash@1.0.2
387 silly idealTree:prePrune  lost@8.3.0
387 silly idealTree:prePrune   object-assign@4.1.1
387 silly idealTree:prePrune  lru-cache@2.7.3
387 silly idealTree:prePrune  make-iterator@1.0.1
387 silly idealTree:prePrune  map-cache@0.2.2
387 silly idealTree:prePrune  map-visit@1.0.0
387 silly idealTree:prePrune  micromatch@3.1.10
387 silly idealTree:prePrune  minimatch@2.0.10
387 silly idealTree:prePrune  minimist@1.2.0
387 silly idealTree:prePrune  mixin-deep@1.3.1
387 silly idealTree:prePrune   is-extendable@1.0.1
387 silly idealTree:prePrune  mkdirp@0.5.1
387 silly idealTree:prePrune   minimist@0.0.8
387 silly idealTree:prePrune  ms@2.0.0
387 silly idealTree:prePrune  multipipe@0.1.2
387 silly idealTree:prePrune  nanomatch@1.2.13
387 silly idealTree:prePrune  natives@1.1.4
387 silly idealTree:prePrune  object-assign@3.0.0
387 silly idealTree:prePrune  object-copy@0.1.0
387 silly idealTree:prePrune   define-property@0.2.5
387 silly idealTree:prePrune   kind-of@3.2.2
387 silly idealTree:prePrune  object-visit@1.0.1
387 silly idealTree:prePrune  object.defaults@1.1.0
387 silly idealTree:prePrune  object.map@1.0.1
387 silly idealTree:prePrune  object.pick@1.3.0
387 silly idealTree:prePrune  once@1.3.3
387 silly idealTree:prePrune  orchestrator@0.3.8
387 silly idealTree:prePrune  ordered-read-streams@0.1.0
387 silly idealTree:prePrune  os-homedir@1.0.2
387 silly idealTree:prePrune  parse-filepath@1.0.2
387 silly idealTree:prePrune  parse-passwd@1.0.0
387 silly idealTree:prePrune  pascalcase@0.1.1
387 silly idealTree:prePrune  path-parse@1.0.6
387 silly idealTree:prePrune  path-root-regex@0.1.2
387 silly idealTree:prePrune  path-root@0.1.1
387 silly idealTree:prePrune  posix-character-classes@0.1.1
387 silly idealTree:prePrune  postcss@6.0.23
387 silly idealTree:prePrune   ansi-styles@3.2.1
387 silly idealTree:prePrune   chalk@2.4.1
387 silly idealTree:prePrune   source-map@0.6.1
387 silly idealTree:prePrune   supports-color@5.5.0
387 silly idealTree:prePrune  pretty-hrtime@1.0.3
387 silly idealTree:prePrune  process-nextick-args@2.0.0
387 silly idealTree:prePrune  readable-stream@1.1.14
387 silly idealTree:prePrune  rechoir@0.6.2
387 silly idealTree:prePrune  regex-not@1.0.2
387 silly idealTree:prePrune  repeat-element@1.1.2
387 silly idealTree:prePrune  repeat-string@1.6.1
387 silly idealTree:prePrune  replace-ext@0.0.1
387 silly idealTree:prePrune  resolve-dir@1.0.1
387 silly idealTree:prePrune  resolve-url@0.2.1
387 silly idealTree:prePrune  resolve@1.8.1
387 silly idealTree:prePrune  ret@0.1.15
387 silly idealTree:prePrune  safe-buffer@5.1.2
387 silly idealTree:prePrune  safe-regex@1.1.0
387 silly idealTree:prePrune  semver@4.3.6
387 silly idealTree:prePrune  sequencify@0.0.7
387 silly idealTree:prePrune  set-value@2.0.0
387 silly idealTree:prePrune   extend-shallow@2.0.1
387 silly idealTree:prePrune  sigmund@1.0.1
387 silly idealTree:prePrune  snapdragon-node@2.1.1
387 silly idealTree:prePrune   define-property@1.0.0
387 silly idealTree:prePrune   is-accessor-descriptor@1.0.0
387 silly idealTree:prePrune   is-data-descriptor@1.0.0
387 silly idealTree:prePrune   is-descriptor@1.0.2
387 silly idealTree:prePrune  snapdragon-util@3.0.1
387 silly idealTree:prePrune   kind-of@3.2.2
387 silly idealTree:prePrune  snapdragon@0.8.2
387 silly idealTree:prePrune   define-property@0.2.5
387 silly idealTree:prePrune   extend-shallow@2.0.1
387 silly idealTree:prePrune  source-map-resolve@0.5.2
387 silly idealTree:prePrune  source-map-url@0.4.0
387 silly idealTree:prePrune  source-map@0.5.7
387 silly idealTree:prePrune  sparkles@1.0.1
387 silly idealTree:prePrune  split-string@3.1.0
387 silly idealTree:prePrune  static-extend@0.1.2
387 silly idealTree:prePrune   define-property@0.2.5
387 silly idealTree:prePrune  stream-consume@0.1.1
387 silly idealTree:prePrune  string_decoder@0.10.31
387 silly idealTree:prePrune  strip-ansi@3.0.1
387 silly idealTree:prePrune  strip-bom@1.0.0
387 silly idealTree:prePrune  supports-color@2.0.0
387 silly idealTree:prePrune  through2@2.0.3
387 silly idealTree:prePrune   isarray@1.0.0
387 silly idealTree:prePrune   readable-stream@2.3.6
387 silly idealTree:prePrune   string_decoder@1.1.1
387 silly idealTree:prePrune  tildify@1.2.0
387 silly idealTree:prePrune  time-stamp@1.1.0
387 silly idealTree:prePrune  to-object-path@0.3.0
387 silly idealTree:prePrune   kind-of@3.2.2
387 silly idealTree:prePrune  to-regex-range@2.1.1
387 silly idealTree:prePrune  to-regex@3.0.2
387 silly idealTree:prePrune  unc-path-regex@0.1.2
387 silly idealTree:prePrune  union-value@1.0.0
387 silly idealTree:prePrune   extend-shallow@2.0.1
387 silly idealTree:prePrune   set-value@0.4.3
387 silly idealTree:prePrune  unique-stream@1.0.0
387 silly idealTree:prePrune  unset-value@1.0.0
387 silly idealTree:prePrune   has-value@0.3.1
387 silly idealTree:prePrune    isobject@2.1.0
387 silly idealTree:prePrune   has-values@0.1.4
387 silly idealTree:prePrune   isarray@1.0.0
387 silly idealTree:prePrune  urix@0.1.0
387 silly idealTree:prePrune  use@3.1.1
387 silly idealTree:prePrune  user-home@1.1.1
387 silly idealTree:prePrune  util-deprecate@1.0.2
387 silly idealTree:prePrune  v8flags@2.1.1
387 silly idealTree:prePrune  vinyl-fs@0.3.14
387 silly idealTree:prePrune   clone@0.2.0
387 silly idealTree:prePrune   readable-stream@1.0.34
387 silly idealTree:prePrune   through2@0.6.5
387 silly idealTree:prePrune   vinyl@0.4.6
387 silly idealTree:prePrune  vinyl@0.5.3
387 silly idealTree:prePrune  which@1.3.1
387 silly idealTree:prePrune  wrappy@1.0.2
387 silly idealTree:prePrune  xtend@4.0.1
388 silly loadIdealTree Finishing
389 silly currentTree melad
389 silly currentTree  ansi-gray@0.1.1
389 silly currentTree  ansi-regex@2.1.1
389 silly currentTree  ansi-styles@2.2.1
389 silly currentTree  ansi-wrap@0.1.0
389 silly currentTree  archy@1.0.0
389 silly currentTree  arr-diff@4.0.0
389 silly currentTree  arr-flatten@1.1.0
389 silly currentTree  arr-union@3.1.0
389 silly currentTree  array-differ@1.0.0
389 silly currentTree  array-each@1.0.1
389 silly currentTree  array-slice@1.1.0
389 silly currentTree  array-uniq@1.0.3
389 silly currentTree  array-unique@0.3.2
389 silly currentTree  assign-symbols@1.0.0
389 silly currentTree  atob@2.1.1
389 silly currentTree  balanced-match@1.0.0
389 silly currentTree  base@0.11.2
389 silly currentTree   define-property@1.0.0
389 silly currentTree   is-accessor-descriptor@1.0.0
389 silly currentTree   is-data-descriptor@1.0.0
389 silly currentTree   is-descriptor@1.0.2
389 silly currentTree  beeper@1.1.1
389 silly currentTree  brace-expansion@1.1.11
389 silly currentTree  braces@2.3.2
389 silly currentTree   extend-shallow@2.0.1
389 silly currentTree  cache-base@1.0.1
389 silly currentTree  chalk@1.1.3
389 silly currentTree  class-utils@0.3.6
389 silly currentTree   define-property@0.2.5
389 silly currentTree  clone-stats@0.0.1
389 silly currentTree  clone@1.0.4
389 silly currentTree  collection-visit@1.0.0
389 silly currentTree  color-support@1.1.3
389 silly currentTree  component-emitter@1.2.1
389 silly currentTree  concat-map@0.0.1
389 silly currentTree  copy-descriptor@0.1.1
389 silly currentTree  core-util-is@1.0.2
389 silly currentTree  dateformat@2.2.0
389 silly currentTree  debug@2.6.9
389 silly currentTree  decode-uri-component@0.2.0
389 silly currentTree  defaults@1.0.3
389 silly currentTree  define-property@2.0.2
389 silly currentTree   is-accessor-descriptor@1.0.0
389 silly currentTree   is-data-descriptor@1.0.0
389 silly currentTree   is-descriptor@1.0.2
389 silly currentTree  deprecated@0.0.1
389 silly currentTree  detect-file@1.0.0
389 silly currentTree  duplexer2@0.0.2
389 silly currentTree  end-of-stream@0.1.5
389 silly currentTree  escape-string-regexp@1.0.5
389 silly currentTree  expand-brackets@2.1.4
389 silly currentTree   define-property@0.2.5
389 silly currentTree   extend-shallow@2.0.1
389 silly currentTree  expand-tilde@2.0.2
389 silly currentTree  extend-shallow@3.0.2
389 silly currentTree   is-extendable@1.0.1
389 silly currentTree  extend@3.0.2
389 silly currentTree  extglob@2.0.4
389 silly currentTree   define-property@1.0.0
389 silly currentTree   extend-shallow@2.0.1
389 silly currentTree   is-accessor-descriptor@1.0.0
389 silly currentTree   is-data-descriptor@1.0.0
389 silly currentTree   is-descriptor@1.0.2
389 silly currentTree  fancy-log@1.3.2
389 silly currentTree  fill-range@4.0.0
389 silly currentTree   extend-shallow@2.0.1
389 silly currentTree  find-index@0.1.1
389 silly currentTree  findup-sync@2.0.0
389 silly currentTree  fined@1.1.0
389 silly currentTree  first-chunk-stream@1.0.0
389 silly currentTree  flagged-respawn@1.0.0
389 silly currentTree  for-in@1.0.2
389 silly currentTree  for-own@1.0.0
389 silly currentTree  fragment-cache@0.2.1
389 silly currentTree  gaze@0.5.2
389 silly currentTree  get-value@2.0.6
389 silly currentTree  glob-stream@3.1.18
389 silly currentTree   readable-stream@1.0.34
389 silly currentTree   through2@0.6.5
389 silly currentTree  glob-watcher@0.0.6
389 silly currentTree  glob@4.5.3
389 silly currentTree  glob2base@0.0.12
389 silly currentTree  global-modules@1.0.0
389 silly currentTree  global-prefix@1.0.2
389 silly currentTree  globule@0.1.0
389 silly currentTree   glob@3.1.21
389 silly currentTree   graceful-fs@1.2.3
389 silly currentTree   inherits@1.0.2
389 silly currentTree   minimatch@0.2.14
389 silly currentTree  glogg@1.0.1
389 silly currentTree  graceful-fs@3.0.11
389 silly currentTree  gulp-rename@1.4.0
389 silly currentTree  gulp-util@3.0.8
389 silly currentTree  gulp@3.9.1
389 silly currentTree  gulplog@1.0.0
389 silly currentTree  has-ansi@2.0.0
389 silly currentTree  has-gulplog@0.1.0
389 silly currentTree  has-value@1.0.0
389 silly currentTree  has-values@1.0.0
389 silly currentTree   kind-of@4.0.0
389 silly currentTree  homedir-polyfill@1.0.1
389 silly currentTree  inflight@1.0.6
389 silly currentTree  inherits@2.0.3
389 silly currentTree  ini@1.3.5
389 silly currentTree  interpret@1.1.0
389 silly currentTree  is-absolute@1.0.0
389 silly currentTree  is-accessor-descriptor@0.1.6
389 silly currentTree   kind-of@3.2.2
389 silly currentTree  is-buffer@1.1.6
389 silly currentTree  is-data-descriptor@0.1.4
389 silly currentTree   kind-of@3.2.2
389 silly currentTree  is-descriptor@0.1.6
389 silly currentTree   kind-of@5.1.0
389 silly currentTree  is-extendable@0.1.1
389 silly currentTree  is-extglob@2.1.1
389 silly currentTree  is-glob@3.1.0
389 silly currentTree  is-number@3.0.0
389 silly currentTree   kind-of@3.2.2
389 silly currentTree  is-plain-object@2.0.4
389 silly currentTree  is-relative@1.0.0
389 silly currentTree  is-unc-path@1.0.0
389 silly currentTree  is-utf8@0.2.1
389 silly currentTree  is-windows@1.0.2
389 silly currentTree  isarray@0.0.1
389 silly currentTree  isexe@2.0.0
389 silly currentTree  isobject@3.0.1
389 silly currentTree  kind-of@6.0.2
389 silly currentTree  liftoff@2.5.0
389 silly currentTree  lodash._basecopy@3.0.1
389 silly currentTree  lodash._basetostring@3.0.1
389 silly currentTree  lodash._basevalues@3.0.0
389 silly currentTree  lodash._getnative@3.9.1
389 silly currentTree  lodash._isiterateecall@3.0.9
389 silly currentTree  lodash._reescape@3.0.0
389 silly currentTree  lodash._reevaluate@3.0.0
389 silly currentTree  lodash._reinterpolate@3.0.0
389 silly currentTree  lodash._root@3.0.1
389 silly currentTree  lodash.escape@3.2.0
389 silly currentTree  lodash.isarguments@3.1.0
389 silly currentTree  lodash.isarray@3.0.4
389 silly currentTree  lodash.keys@3.1.2
389 silly currentTree  lodash.restparam@3.6.1
389 silly currentTree  lodash.template@3.6.2
389 silly currentTree  lodash.templatesettings@3.1.1
389 silly currentTree  lodash@1.0.2
389 silly currentTree  lru-cache@2.7.3
389 silly currentTree  make-iterator@1.0.1
389 silly currentTree  map-cache@0.2.2
389 silly currentTree  map-visit@1.0.0
389 silly currentTree  micromatch@3.1.10
389 silly currentTree  minimatch@2.0.10
389 silly currentTree  minimist@1.2.0
389 silly currentTree  mixin-deep@1.3.1
389 silly currentTree   is-extendable@1.0.1
389 silly currentTree  mkdirp@0.5.1
389 silly currentTree   minimist@0.0.8
389 silly currentTree  ms@2.0.0
389 silly currentTree  multipipe@0.1.2
389 silly currentTree  nanomatch@1.2.13
389 silly currentTree  natives@1.1.4
389 silly currentTree  object-assign@3.0.0
389 silly currentTree  object-copy@0.1.0
389 silly currentTree   define-property@0.2.5
389 silly currentTree   kind-of@3.2.2
389 silly currentTree  object-visit@1.0.1
389 silly currentTree  object.defaults@1.1.0
389 silly currentTree  object.map@1.0.1
389 silly currentTree  object.pick@1.3.0
389 silly currentTree  once@1.3.3
389 silly currentTree  orchestrator@0.3.8
389 silly currentTree  ordered-read-streams@0.1.0
389 silly currentTree  os-homedir@1.0.2
389 silly currentTree  parse-filepath@1.0.2
389 silly currentTree  parse-passwd@1.0.0
389 silly currentTree  pascalcase@0.1.1
389 silly currentTree  path-parse@1.0.6
389 silly currentTree  path-root-regex@0.1.2
389 silly currentTree  path-root@0.1.1
389 silly currentTree  posix-character-classes@0.1.1
389 silly currentTree  pretty-hrtime@1.0.3
389 silly currentTree  process-nextick-args@2.0.0
389 silly currentTree  readable-stream@1.1.14
389 silly currentTree  rechoir@0.6.2
389 silly currentTree  regex-not@1.0.2
389 silly currentTree  repeat-element@1.1.2
389 silly currentTree  repeat-string@1.6.1
389 silly currentTree  replace-ext@0.0.1
389 silly currentTree  resolve-dir@1.0.1
389 silly currentTree  resolve-url@0.2.1
389 silly currentTree  resolve@1.8.1
389 silly currentTree  ret@0.1.15
389 silly currentTree  safe-buffer@5.1.2
389 silly currentTree  safe-regex@1.1.0
389 silly currentTree  semver@4.3.6
389 silly currentTree  sequencify@0.0.7
389 silly currentTree  set-value@2.0.0
389 silly currentTree   extend-shallow@2.0.1
389 silly currentTree  sigmund@1.0.1
389 silly currentTree  snapdragon-node@2.1.1
389 silly currentTree   define-property@1.0.0
389 silly currentTree   is-accessor-descriptor@1.0.0
389 silly currentTree   is-data-descriptor@1.0.0
389 silly currentTree   is-descriptor@1.0.2
389 silly currentTree  snapdragon-util@3.0.1
389 silly currentTree   kind-of@3.2.2
389 silly currentTree  snapdragon@0.8.2
389 silly currentTree   define-property@0.2.5
389 silly currentTree   extend-shallow@2.0.1
389 silly currentTree  source-map-resolve@0.5.2
389 silly currentTree  source-map-url@0.4.0
389 silly currentTree  source-map@0.5.7
389 silly currentTree  sparkles@1.0.1
389 silly currentTree  split-string@3.1.0
389 silly currentTree  static-extend@0.1.2
389 silly currentTree   define-property@0.2.5
389 silly currentTree  stream-consume@0.1.1
389 silly currentTree  string_decoder@0.10.31
389 silly currentTree  strip-ansi@3.0.1
389 silly currentTree  strip-bom@1.0.0
389 silly currentTree  supports-color@2.0.0
389 silly currentTree  through2@2.0.3
389 silly currentTree   isarray@1.0.0
389 silly currentTree   readable-stream@2.3.6
389 silly currentTree   string_decoder@1.1.1
389 silly currentTree  tildify@1.2.0
389 silly currentTree  time-stamp@1.1.0
389 silly currentTree  to-object-path@0.3.0
389 silly currentTree   kind-of@3.2.2
389 silly currentTree  to-regex-range@2.1.1
389 silly currentTree  to-regex@3.0.2
389 silly currentTree  unc-path-regex@0.1.2
389 silly currentTree  union-value@1.0.0
389 silly currentTree   extend-shallow@2.0.1
389 silly currentTree   set-value@0.4.3
389 silly currentTree  unique-stream@1.0.0
389 silly currentTree  unset-value@1.0.0
389 silly currentTree   has-value@0.3.1
389 silly currentTree    isobject@2.1.0
389 silly currentTree   has-values@0.1.4
389 silly currentTree   isarray@1.0.0
389 silly currentTree  urix@0.1.0
389 silly currentTree  use@3.1.1
389 silly currentTree  user-home@1.1.1
389 silly currentTree  util-deprecate@1.0.2
389 silly currentTree  v8flags@2.1.1
389 silly currentTree  vinyl-fs@0.3.14
389 silly currentTree   clone@0.2.0
389 silly currentTree   readable-stream@1.0.34
389 silly currentTree   through2@0.6.5
389 silly currentTree   vinyl@0.4.6
389 silly currentTree  vinyl@0.5.3
389 silly currentTree  which@1.3.1
389 silly currentTree  wrappy@1.0.2
389 silly currentTree  xtend@4.0.1
390 silly idealTree melad
390 silly idealTree  ansi-gray@0.1.1
390 silly idealTree  ansi-regex@2.1.1
390 silly idealTree  ansi-styles@2.2.1
390 silly idealTree  ansi-wrap@0.1.0
390 silly idealTree  archy@1.0.0
390 silly idealTree  arr-diff@4.0.0
390 silly idealTree  arr-flatten@1.1.0
390 silly idealTree  arr-union@3.1.0
390 silly idealTree  array-differ@1.0.0
390 silly idealTree  array-each@1.0.1
390 silly idealTree  array-slice@1.1.0
390 silly idealTree  array-uniq@1.0.3
390 silly idealTree  array-unique@0.3.2
390 silly idealTree  assign-symbols@1.0.0
390 silly idealTree  atob@2.1.1
390 silly idealTree  balanced-match@1.0.0
390 silly idealTree  base@0.11.2
390 silly idealTree   define-property@1.0.0
390 silly idealTree   is-accessor-descriptor@1.0.0
390 silly idealTree   is-data-descriptor@1.0.0
390 silly idealTree   is-descriptor@1.0.2
390 silly idealTree  beeper@1.1.1
390 silly idealTree  brace-expansion@1.1.11
390 silly idealTree  braces@2.3.2
390 silly idealTree   extend-shallow@2.0.1
390 silly idealTree  cache-base@1.0.1
390 silly idealTree  chalk@1.1.3
390 silly idealTree  class-utils@0.3.6
390 silly idealTree   define-property@0.2.5
390 silly idealTree  clone-stats@0.0.1
390 silly idealTree  clone@1.0.4
390 silly idealTree  collection-visit@1.0.0
390 silly idealTree  color-convert@1.9.3
390 silly idealTree  color-name@1.1.3
390 silly idealTree  color-support@1.1.3
390 silly idealTree  component-emitter@1.2.1
390 silly idealTree  concat-map@0.0.1
390 silly idealTree  copy-descriptor@0.1.1
390 silly idealTree  core-util-is@1.0.2
390 silly idealTree  dateformat@2.2.0
390 silly idealTree  debug@2.6.9
390 silly idealTree  decode-uri-component@0.2.0
390 silly idealTree  defaults@1.0.3
390 silly idealTree  define-property@2.0.2
390 silly idealTree   is-accessor-descriptor@1.0.0
390 silly idealTree   is-data-descriptor@1.0.0
390 silly idealTree   is-descriptor@1.0.2
390 silly idealTree  deprecated@0.0.1
390 silly idealTree  detect-file@1.0.0
390 silly idealTree  duplexer2@0.0.2
390 silly idealTree  end-of-stream@0.1.5
390 silly idealTree  escape-string-regexp@1.0.5
390 silly idealTree  expand-brackets@2.1.4
390 silly idealTree   define-property@0.2.5
390 silly idealTree   extend-shallow@2.0.1
390 silly idealTree  expand-tilde@2.0.2
390 silly idealTree  extend-shallow@3.0.2
390 silly idealTree   is-extendable@1.0.1
390 silly idealTree  extend@3.0.2
390 silly idealTree  extglob@2.0.4
390 silly idealTree   define-property@1.0.0
390 silly idealTree   extend-shallow@2.0.1
390 silly idealTree   is-accessor-descriptor@1.0.0
390 silly idealTree   is-data-descriptor@1.0.0
390 silly idealTree   is-descriptor@1.0.2
390 silly idealTree  fancy-log@1.3.2
390 silly idealTree  fill-range@4.0.0
390 silly idealTree   extend-shallow@2.0.1
390 silly idealTree  find-index@0.1.1
390 silly idealTree  findup-sync@2.0.0
390 silly idealTree  fined@1.1.0
390 silly idealTree  first-chunk-stream@1.0.0
390 silly idealTree  flagged-respawn@1.0.0
390 silly idealTree  for-in@1.0.2
390 silly idealTree  for-own@1.0.0
390 silly idealTree  fragment-cache@0.2.1
390 silly idealTree  gaze@0.5.2
390 silly idealTree  get-value@2.0.6
390 silly idealTree  glob-stream@3.1.18
390 silly idealTree   readable-stream@1.0.34
390 silly idealTree   through2@0.6.5
390 silly idealTree  glob-watcher@0.0.6
390 silly idealTree  glob@4.5.3
390 silly idealTree  glob2base@0.0.12
390 silly idealTree  global-modules@1.0.0
390 silly idealTree  global-prefix@1.0.2
390 silly idealTree  globule@0.1.0
390 silly idealTree   glob@3.1.21
390 silly idealTree   graceful-fs@1.2.3
390 silly idealTree   inherits@1.0.2
390 silly idealTree   minimatch@0.2.14
390 silly idealTree  glogg@1.0.1
390 silly idealTree  graceful-fs@3.0.11
390 silly idealTree  gulp-rename@1.4.0
390 silly idealTree  gulp-util@3.0.8
390 silly idealTree  gulp@3.9.1
390 silly idealTree  gulplog@1.0.0
390 silly idealTree  has-ansi@2.0.0
390 silly idealTree  has-flag@3.0.0
390 silly idealTree  has-gulplog@0.1.0
390 silly idealTree  has-value@1.0.0
390 silly idealTree  has-values@1.0.0
390 silly idealTree   kind-of@4.0.0
390 silly idealTree  homedir-polyfill@1.0.1
390 silly idealTree  inflight@1.0.6
390 silly idealTree  inherits@2.0.3
390 silly idealTree  ini@1.3.5
390 silly idealTree  interpret@1.1.0
390 silly idealTree  is-absolute@1.0.0
390 silly idealTree  is-accessor-descriptor@0.1.6
390 silly idealTree   kind-of@3.2.2
390 silly idealTree  is-buffer@1.1.6
390 silly idealTree  is-data-descriptor@0.1.4
390 silly idealTree   kind-of@3.2.2
390 silly idealTree  is-descriptor@0.1.6
390 silly idealTree   kind-of@5.1.0
390 silly idealTree  is-extendable@0.1.1
390 silly idealTree  is-extglob@2.1.1
390 silly idealTree  is-glob@3.1.0
390 silly idealTree  is-number@3.0.0
390 silly idealTree   kind-of@3.2.2
390 silly idealTree  is-plain-object@2.0.4
390 silly idealTree  is-relative@1.0.0
390 silly idealTree  is-unc-path@1.0.0
390 silly idealTree  is-utf8@0.2.1
390 silly idealTree  is-windows@1.0.2
390 silly idealTree  isarray@0.0.1
390 silly idealTree  isexe@2.0.0
390 silly idealTree  isobject@3.0.1
390 silly idealTree  kind-of@6.0.2
390 silly idealTree  liftoff@2.5.0
390 silly idealTree  lodash._basecopy@3.0.1
390 silly idealTree  lodash._basetostring@3.0.1
390 silly idealTree  lodash._basevalues@3.0.0
390 silly idealTree  lodash._getnative@3.9.1
390 silly idealTree  lodash._isiterateecall@3.0.9
390 silly idealTree  lodash._reescape@3.0.0
390 silly idealTree  lodash._reevaluate@3.0.0
390 silly idealTree  lodash._reinterpolate@3.0.0
390 silly idealTree  lodash._root@3.0.1
390 silly idealTree  lodash.escape@3.2.0
390 silly idealTree  lodash.isarguments@3.1.0
390 silly idealTree  lodash.isarray@3.0.4
390 silly idealTree  lodash.keys@3.1.2
390 silly idealTree  lodash.restparam@3.6.1
390 silly idealTree  lodash.template@3.6.2
390 silly idealTree  lodash.templatesettings@3.1.1
390 silly idealTree  lodash@1.0.2
390 silly idealTree  lost@8.3.0
390 silly idealTree   object-assign@4.1.1
390 silly idealTree  lru-cache@2.7.3
390 silly idealTree  make-iterator@1.0.1
390 silly idealTree  map-cache@0.2.2
390 silly idealTree  map-visit@1.0.0
390 silly idealTree  micromatch@3.1.10
390 silly idealTree  minimatch@2.0.10
390 silly idealTree  minimist@1.2.0
390 silly idealTree  mixin-deep@1.3.1
390 silly idealTree   is-extendable@1.0.1
390 silly idealTree  mkdirp@0.5.1
390 silly idealTree   minimist@0.0.8
390 silly idealTree  ms@2.0.0
390 silly idealTree  multipipe@0.1.2
390 silly idealTree  nanomatch@1.2.13
390 silly idealTree  natives@1.1.4
390 silly idealTree  object-assign@3.0.0
390 silly idealTree  object-copy@0.1.0
390 silly idealTree   define-property@0.2.5
390 silly idealTree   kind-of@3.2.2
390 silly idealTree  object-visit@1.0.1
390 silly idealTree  object.defaults@1.1.0
390 silly idealTree  object.map@1.0.1
390 silly idealTree  object.pick@1.3.0
390 silly idealTree  once@1.3.3
390 silly idealTree  orchestrator@0.3.8
390 silly idealTree  ordered-read-streams@0.1.0
390 silly idealTree  os-homedir@1.0.2
390 silly idealTree  parse-filepath@1.0.2
390 silly idealTree  parse-passwd@1.0.0
390 silly idealTree  pascalcase@0.1.1
390 silly idealTree  path-parse@1.0.6
390 silly idealTree  path-root-regex@0.1.2
390 silly idealTree  path-root@0.1.1
390 silly idealTree  posix-character-classes@0.1.1
390 silly idealTree  postcss@6.0.23
390 silly idealTree   ansi-styles@3.2.1
390 silly idealTree   chalk@2.4.1
390 silly idealTree   source-map@0.6.1
390 silly idealTree   supports-color@5.5.0
390 silly idealTree  pretty-hrtime@1.0.3
390 silly idealTree  process-nextick-args@2.0.0
390 silly idealTree  readable-stream@1.1.14
390 silly idealTree  rechoir@0.6.2
390 silly idealTree  regex-not@1.0.2
390 silly idealTree  repeat-element@1.1.2
390 silly idealTree  repeat-string@1.6.1
390 silly idealTree  replace-ext@0.0.1
390 silly idealTree  resolve-dir@1.0.1
390 silly idealTree  resolve-url@0.2.1
390 silly idealTree  resolve@1.8.1
390 silly idealTree  ret@0.1.15
390 silly idealTree  safe-buffer@5.1.2
390 silly idealTree  safe-regex@1.1.0
390 silly idealTree  semver@4.3.6
390 silly idealTree  sequencify@0.0.7
390 silly idealTree  set-value@2.0.0
390 silly idealTree   extend-shallow@2.0.1
390 silly idealTree  sigmund@1.0.1
390 silly idealTree  snapdragon-node@2.1.1
390 silly idealTree   define-property@1.0.0
390 silly idealTree   is-accessor-descriptor@1.0.0
390 silly idealTree   is-data-descriptor@1.0.0
390 silly idealTree   is-descriptor@1.0.2
390 silly idealTree  snapdragon-util@3.0.1
390 silly idealTree   kind-of@3.2.2
390 silly idealTree  snapdragon@0.8.2
390 silly idealTree   define-property@0.2.5
390 silly idealTree   extend-shallow@2.0.1
390 silly idealTree  source-map-resolve@0.5.2
390 silly idealTree  source-map-url@0.4.0
390 silly idealTree  source-map@0.5.7
390 silly idealTree  sparkles@1.0.1
390 silly idealTree  split-string@3.1.0
390 silly idealTree  static-extend@0.1.2
390 silly idealTree   define-property@0.2.5
390 silly idealTree  stream-consume@0.1.1
390 silly idealTree  string_decoder@0.10.31
390 silly idealTree  strip-ansi@3.0.1
390 silly idealTree  strip-bom@1.0.0
390 silly idealTree  supports-color@2.0.0
390 silly idealTree  through2@2.0.3
390 silly idealTree   isarray@1.0.0
390 silly idealTree   readable-stream@2.3.6
390 silly idealTree   string_decoder@1.1.1
390 silly idealTree  tildify@1.2.0
390 silly idealTree  time-stamp@1.1.0
390 silly idealTree  to-object-path@0.3.0
390 silly idealTree   kind-of@3.2.2
390 silly idealTree  to-regex-range@2.1.1
390 silly idealTree  to-regex@3.0.2
390 silly idealTree  unc-path-regex@0.1.2
390 silly idealTree  union-value@1.0.0
390 silly idealTree   extend-shallow@2.0.1
390 silly idealTree   set-value@0.4.3
390 silly idealTree  unique-stream@1.0.0
390 silly idealTree  unset-value@1.0.0
390 silly idealTree   has-value@0.3.1
390 silly idealTree    isobject@2.1.0
390 silly idealTree   has-values@0.1.4
390 silly idealTree   isarray@1.0.0
390 silly idealTree  urix@0.1.0
390 silly idealTree  use@3.1.1
390 silly idealTree  user-home@1.1.1
390 silly idealTree  util-deprecate@1.0.2
390 silly idealTree  v8flags@2.1.1
390 silly idealTree  vinyl-fs@0.3.14
390 silly idealTree   clone@0.2.0
390 silly idealTree   readable-stream@1.0.34
390 silly idealTree   through2@0.6.5
390 silly idealTree   vinyl@0.4.6
390 silly idealTree  vinyl@0.5.3
390 silly idealTree  which@1.3.1
390 silly idealTree  wrappy@1.0.2
390 silly idealTree  xtend@4.0.1
391 silly generateActionsToTake Starting
392 silly install generateActionsToTake
393 warn checkPermissions Missing write access to /home/melad/node_modules
394 silly rollbackFailedOptional Starting
395 silly rollbackFailedOptional Finishing
396 silly runTopLevelLifecycles Starting
397 silly runTopLevelLifecycles Finishing
398 silly install printInstalled
399 warn enoent ENOENT: no such file or directory, open '/home/melad/package.json'
400 warn melad No description
401 warn melad No repository field.
402 warn melad No README data
403 warn melad No license field.
404 verbose stack Error: EACCES: permission denied, access '/home/melad/node_modules'
404 verbose stack     at Error (native)
405 verbose cwd /home/melad/Desktop/project
406 error Linux 4.15.0-30-generic
407 error argv "/usr/bin/nodejs" "/usr/bin/npm" "install" "lost"
408 error node v4.2.6
409 error npm  v3.5.2
410 error path /home/melad/node_modules
411 error code EACCES
412 error errno -13
413 error syscall access
414 error Error: EACCES: permission denied, access '/home/melad/node_modules'
414 error     at Error (native)
414 error  { [Error: EACCES: permission denied, access '/home/melad/node_modules']
414 error   errno: -13,
414 error   code: 'EACCES',
414 error   syscall: 'access',
414 error   path: '/home/melad/node_modules' }
415 error Please try running this command again as root/Administrator.
416 verbose exit [ -13, true ]
